IQ-TREE multicore version 2.0.3 for Mac OS X 64-bit built Dec 19 2020
Developed by Bui Quang Minh, Nguyen Lam Tung, Olga Chernomor,
Heiko Schmidt, Dominik Schrempf, Michael Woodhams.

Host:    S584 (AVX512, FMA3, 16 GB RAM)
Command: iqtree -ninit 2 -n 2 -me 0.05 -nt 1 -s results/aligned-delim.fasta -m GTR
Seed:    16340 (Using SPRNG - Scalable Parallel Random Number Generator)
Time:    Thu Apr 15 23:46:54 2021
Kernel:  AVX+FMA - 1 threads (8 CPU cores detected)

HINT: Use -nt option to specify number of threads because your CPU has 8 cores!
HINT: -nt AUTO will automatically determine the best number of threads to use.

Reading alignment file results/aligned-delim.fasta ... Fasta format detected
Alignment most likely contains DNA/RNA sequences
Alignment has 292 sequences with 10837 columns, 1833 distinct patterns
1520 parsimony-informative, 828 singleton sites, 8489 constant sites
                                                                                                                  Gap/Ambiguity  Composition  p-value
   1  KC754954_DELIM-QBZXHKEFWHNYEXYKHVYL_AF2_DELIM-QBZXHKEFWHNYEXYKHVYL_Senegal_DELIM-QBZXHKEFWHNYEXYKHVYL_1974          0.00%    passed     97.29%
   2  MN813488_DELIM-QBZXHKEFWHNYEXYKHVYL_AF2_DELIM-QBZXHKEFWHNYEXYKHVYL_Senegal_DELIM-QBZXHKEFWHNYEXYKHVYL_2003          4.92%    passed     96.97%
   3  MH727238_DELIM-QBZXHKEFWHNYEXYKHVYL_AF2_DELIM-QBZXHKEFWHNYEXYKHVYL_Senegal_DELIM-QBZXHKEFWHNYEXYKHVYL_2013          0.00%    passed     99.39%
   4  MH727240_DELIM-QBZXHKEFWHNYEXYKHVYL_AF2_DELIM-QBZXHKEFWHNYEXYKHVYL_Senegal_DELIM-QBZXHKEFWHNYEXYKHVYL_2013          0.00%    passed     99.43%
   5  MH727241_DELIM-QBZXHKEFWHNYEXYKHVYL_AF2_DELIM-QBZXHKEFWHNYEXYKHVYL_Senegal_DELIM-QBZXHKEFWHNYEXYKHVYL_2013          0.00%    passed     99.52%
   6  MH727239_DELIM-QBZXHKEFWHNYEXYKHVYL_AF2_DELIM-QBZXHKEFWHNYEXYKHVYL_Senegal_DELIM-QBZXHKEFWHNYEXYKHVYL_2013          0.00%    passed     99.14%
   7  MN813492_DELIM-QBZXHKEFWHNYEXYKHVYL_AF2_DELIM-QBZXHKEFWHNYEXYKHVYL_South_Africa_DELIM-QBZXHKEFWHNYEXYKHVYL_1959     4.91%    passed     87.09%
   8  MH727242_DELIM-QBZXHKEFWHNYEXYKHVYL_AF2_DELIM-QBZXHKEFWHNYEXYKHVYL_Senegal_DELIM-QBZXHKEFWHNYEXYKHVYL_2013          3.16%    passed     96.26%
   9  AY453411_DELIM-QBZXHKEFWHNYEXYKHVYL_EU1_DELIM-QBZXHKEFWHNYEXYKHVYL_Austria_DELIM-QBZXHKEFWHNYEXYKHVYL_2001          0.00%    passed     99.61%
  10  NC006551_DELIM-QBZXHKEFWHNYEXYKHVYL_EU1_DELIM-QBZXHKEFWHNYEXYKHVYL_Austria_DELIM-QBZXHKEFWHNYEXYKHVYL_2001          0.00%    passed     99.61%
  11  EF206350_DELIM-QBZXHKEFWHNYEXYKHVYL_EU1_DELIM-QBZXHKEFWHNYEXYKHVYL_Hungary_DELIM-QBZXHKEFWHNYEXYKHVYL_2006          0.00%    passed     99.96%
  12  JQ219843_DELIM-QBZXHKEFWHNYEXYKHVYL_EU1_DELIM-QBZXHKEFWHNYEXYKHVYL_Austria_DELIM-QBZXHKEFWHNYEXYKHVYL_2002          0.01%    passed     99.51%
  13  MG888044_DELIM-QBZXHKEFWHNYEXYKHVYL_EU1_DELIM-QBZXHKEFWHNYEXYKHVYL_Serbia_DELIM-QBZXHKEFWHNYEXYKHVYL_2014           4.39%    passed     97.48%
  14  HM569263_DELIM-QBZXHKEFWHNYEXYKHVYL_EU2_DELIM-QBZXHKEFWHNYEXYKHVYL_Italy_DELIM-QBZXHKEFWHNYEXYKHVYL_2009            0.00%    passed     99.96%
  15  KU573070_DELIM-QBZXHKEFWHNYEXYKHVYL_EU2_DELIM-QBZXHKEFWHNYEXYKHVYL_Italy_DELIM-QBZXHKEFWHNYEXYKHVYL_2013            1.76%    passed     99.97%
  16  KX816647_DELIM-QBZXHKEFWHNYEXYKHVYL_EU2_DELIM-QBZXHKEFWHNYEXYKHVYL_Italy_DELIM-QBZXHKEFWHNYEXYKHVYL_2011            0.95%    passed     98.89%
  17  KX816650_DELIM-QBZXHKEFWHNYEXYKHVYL_EU2_DELIM-QBZXHKEFWHNYEXYKHVYL_Italy_DELIM-QBZXHKEFWHNYEXYKHVYL_2012            0.89%    passed     99.39%
  18  KX816651_DELIM-QBZXHKEFWHNYEXYKHVYL_EU2_DELIM-QBZXHKEFWHNYEXYKHVYL_Italy_DELIM-QBZXHKEFWHNYEXYKHVYL_2012            4.15%    passed     99.41%
  19  KU573075_DELIM-QBZXHKEFWHNYEXYKHVYL_EU2_DELIM-QBZXHKEFWHNYEXYKHVYL_Italy_DELIM-QBZXHKEFWHNYEXYKHVYL_2014            0.89%    passed     99.35%
  20  KU573076_DELIM-QBZXHKEFWHNYEXYKHVYL_EU2_DELIM-QBZXHKEFWHNYEXYKHVYL_Italy_DELIM-QBZXHKEFWHNYEXYKHVYL_2014            4.36%    passed     99.98%
  21  KX816652_DELIM-QBZXHKEFWHNYEXYKHVYL_EU2_DELIM-QBZXHKEFWHNYEXYKHVYL_Italy_DELIM-QBZXHKEFWHNYEXYKHVYL_2012            4.88%    passed     89.41%
  22  KX816648_DELIM-QBZXHKEFWHNYEXYKHVYL_EU2_DELIM-QBZXHKEFWHNYEXYKHVYL_Italy_DELIM-QBZXHKEFWHNYEXYKHVYL_2011            5.75%    passed     80.21%
  23  KX816649_DELIM-QBZXHKEFWHNYEXYKHVYL_EU2_DELIM-QBZXHKEFWHNYEXYKHVYL_Italy_DELIM-QBZXHKEFWHNYEXYKHVYL_2011            0.89%    passed     98.02%
  24  KX555624_DELIM-QBZXHKEFWHNYEXYKHVYL_EU2_DELIM-QBZXHKEFWHNYEXYKHVYL_Germany_DELIM-QBZXHKEFWHNYEXYKHVYL_2010          0.09%    passed     99.99%
  25  KX555625_DELIM-QBZXHKEFWHNYEXYKHVYL_EU2_DELIM-QBZXHKEFWHNYEXYKHVYL_Italy_DELIM-QBZXHKEFWHNYEXYKHVYL_2010            0.39%    passed     99.92%
  26  KX555626_DELIM-QBZXHKEFWHNYEXYKHVYL_EU2_DELIM-QBZXHKEFWHNYEXYKHVYL_Germany_DELIM-QBZXHKEFWHNYEXYKHVYL_2010          0.09%    passed     99.97%
  27  KX555627_DELIM-QBZXHKEFWHNYEXYKHVYL_EU2_DELIM-QBZXHKEFWHNYEXYKHVYL_Italy_DELIM-QBZXHKEFWHNYEXYKHVYL_2010            0.34%    passed     99.99%
  28  KX555628_DELIM-QBZXHKEFWHNYEXYKHVYL_EU2_DELIM-QBZXHKEFWHNYEXYKHVYL_Italy_DELIM-QBZXHKEFWHNYEXYKHVYL_2010            0.49%    passed     99.97%
  29  KU573074_DELIM-QBZXHKEFWHNYEXYKHVYL_EU2_DELIM-QBZXHKEFWHNYEXYKHVYL_Italy_DELIM-QBZXHKEFWHNYEXYKHVYL_2013            1.05%    passed     99.52%
  30  KU573072_DELIM-QBZXHKEFWHNYEXYKHVYL_EU2_DELIM-QBZXHKEFWHNYEXYKHVYL_Italy_DELIM-QBZXHKEFWHNYEXYKHVYL_2013            1.00%    passed     97.42%
  31  MF063042_DELIM-QBZXHKEFWHNYEXYKHVYL_EU2_DELIM-QBZXHKEFWHNYEXYKHVYL_Austria_DELIM-QBZXHKEFWHNYEXYKHVYL_2016          0.04%    passed     99.98%
  32  MF991886_DELIM-QBZXHKEFWHNYEXYKHVYL_EU2_DELIM-QBZXHKEFWHNYEXYKHVYL_Austria_DELIM-QBZXHKEFWHNYEXYKHVYL_2017          0.42%    passed     99.94%
  33  MF063043_DELIM-QBZXHKEFWHNYEXYKHVYL_EU2_DELIM-QBZXHKEFWHNYEXYKHVYL_Hungary_DELIM-QBZXHKEFWHNYEXYKHVYL_2016          0.08%    passed     99.81%
  34  JF266698_DELIM-QBZXHKEFWHNYEXYKHVYL_EU2_DELIM-QBZXHKEFWHNYEXYKHVYL_Italy_DELIM-QBZXHKEFWHNYEXYKHVYL_2009            0.00%    passed     99.98%
  35  MN989418_DELIM-QBZXHKEFWHNYEXYKHVYL_EUX_DELIM-QBZXHKEFWHNYEXYKHVYL_Italy_DELIM-QBZXHKEFWHNYEXYKHVYL_2018            3.18%    passed     98.95%
  36  HE599647_DELIM-QBZXHKEFWHNYEXYKHVYL_EU3_DELIM-QBZXHKEFWHNYEXYKHVYL_Germany_DELIM-QBZXHKEFWHNYEXYKHVYL_2011          0.08%    passed     99.71%
  37  KJ438705_DELIM-QBZXHKEFWHNYEXYKHVYL_EU3_DELIM-QBZXHKEFWHNYEXYKHVYL_Germany_DELIM-QBZXHKEFWHNYEXYKHVYL_2010          0.00%    passed     99.59%
  38  KJ438706_DELIM-QBZXHKEFWHNYEXYKHVYL_EU3_DELIM-QBZXHKEFWHNYEXYKHVYL_Germany_DELIM-QBZXHKEFWHNYEXYKHVYL_2011          0.00%    passed     99.66%
  39  KJ438707_DELIM-QBZXHKEFWHNYEXYKHVYL_EU3_DELIM-QBZXHKEFWHNYEXYKHVYL_Germany_DELIM-QBZXHKEFWHNYEXYKHVYL_2011          0.00%    passed     99.66%
  40  KJ438708_DELIM-QBZXHKEFWHNYEXYKHVYL_EU3_DELIM-QBZXHKEFWHNYEXYKHVYL_Germany_DELIM-QBZXHKEFWHNYEXYKHVYL_2011          0.00%    passed     99.79%
  41  KJ438709_DELIM-QBZXHKEFWHNYEXYKHVYL_EU3_DELIM-QBZXHKEFWHNYEXYKHVYL_Germany_DELIM-QBZXHKEFWHNYEXYKHVYL_2012          0.00%    passed     99.35%
  42  KJ438710_DELIM-QBZXHKEFWHNYEXYKHVYL_EU3_DELIM-QBZXHKEFWHNYEXYKHVYL_Germany_DELIM-QBZXHKEFWHNYEXYKHVYL_2011          0.00%    passed     99.67%
  43  KJ438711_DELIM-QBZXHKEFWHNYEXYKHVYL_EU3_DELIM-QBZXHKEFWHNYEXYKHVYL_Germany_DELIM-QBZXHKEFWHNYEXYKHVYL_2011          0.00%    passed     99.57%
  44  KJ438712_DELIM-QBZXHKEFWHNYEXYKHVYL_EU3_DELIM-QBZXHKEFWHNYEXYKHVYL_Germany_DELIM-QBZXHKEFWHNYEXYKHVYL_2011          0.00%    passed     99.64%
  45  KJ438713_DELIM-QBZXHKEFWHNYEXYKHVYL_EU3_DELIM-QBZXHKEFWHNYEXYKHVYL_Germany_DELIM-QBZXHKEFWHNYEXYKHVYL_2011          0.00%    passed     99.66%
  46  KJ438714_DELIM-QBZXHKEFWHNYEXYKHVYL_EU3_DELIM-QBZXHKEFWHNYEXYKHVYL_Germany_DELIM-QBZXHKEFWHNYEXYKHVYL_2011          0.00%    passed     99.57%
  47  KJ438715_DELIM-QBZXHKEFWHNYEXYKHVYL_EU3_DELIM-QBZXHKEFWHNYEXYKHVYL_Germany_DELIM-QBZXHKEFWHNYEXYKHVYL_2011          0.00%    passed     99.78%
  48  KJ438731_DELIM-QBZXHKEFWHNYEXYKHVYL_EU3_DELIM-QBZXHKEFWHNYEXYKHVYL_Germany_DELIM-QBZXHKEFWHNYEXYKHVYL_2011          0.00%    passed     99.73%
  49  KJ859683_DELIM-QBZXHKEFWHNYEXYKHVYL_EU3_DELIM-QBZXHKEFWHNYEXYKHVYL_Germany_DELIM-QBZXHKEFWHNYEXYKHVYL_2013          0.00%    passed     99.66%
  50  KJ438716_DELIM-QBZXHKEFWHNYEXYKHVYL_EU3_DELIM-QBZXHKEFWHNYEXYKHVYL_Germany_DELIM-QBZXHKEFWHNYEXYKHVYL_2012          0.00%    passed     99.53%
  51  KJ438717_DELIM-QBZXHKEFWHNYEXYKHVYL_EU3_DELIM-QBZXHKEFWHNYEXYKHVYL_Germany_DELIM-QBZXHKEFWHNYEXYKHVYL_2012          0.00%    passed     99.64%
  52  KJ438718_DELIM-QBZXHKEFWHNYEXYKHVYL_EU3_DELIM-QBZXHKEFWHNYEXYKHVYL_Germany_DELIM-QBZXHKEFWHNYEXYKHVYL_2011          0.00%    passed     99.73%
  53  KJ438719_DELIM-QBZXHKEFWHNYEXYKHVYL_EU3_DELIM-QBZXHKEFWHNYEXYKHVYL_Germany_DELIM-QBZXHKEFWHNYEXYKHVYL_2011          0.00%    passed     99.78%
  54  KJ438720_DELIM-QBZXHKEFWHNYEXYKHVYL_EU3_DELIM-QBZXHKEFWHNYEXYKHVYL_Germany_DELIM-QBZXHKEFWHNYEXYKHVYL_2011          0.00%    passed     99.84%
  55  KJ438721_DELIM-QBZXHKEFWHNYEXYKHVYL_EU3_DELIM-QBZXHKEFWHNYEXYKHVYL_Germany_DELIM-QBZXHKEFWHNYEXYKHVYL_2011          0.00%    passed     99.57%
  56  KJ438722_DELIM-QBZXHKEFWHNYEXYKHVYL_EU3_DELIM-QBZXHKEFWHNYEXYKHVYL_Germany_DELIM-QBZXHKEFWHNYEXYKHVYL_2012          0.00%    passed     99.35%
  57  KJ438723_DELIM-QBZXHKEFWHNYEXYKHVYL_EU3_DELIM-QBZXHKEFWHNYEXYKHVYL_Germany_DELIM-QBZXHKEFWHNYEXYKHVYL_2011          0.00%    passed     99.73%
  58  KJ438724_DELIM-QBZXHKEFWHNYEXYKHVYL_EU3_DELIM-QBZXHKEFWHNYEXYKHVYL_Germany_DELIM-QBZXHKEFWHNYEXYKHVYL_2011          0.00%    passed     99.67%
  59  KJ438725_DELIM-QBZXHKEFWHNYEXYKHVYL_EU3_DELIM-QBZXHKEFWHNYEXYKHVYL_Germany_DELIM-QBZXHKEFWHNYEXYKHVYL_2011          0.00%    passed     99.66%
  60  KJ438726_DELIM-QBZXHKEFWHNYEXYKHVYL_EU3_DELIM-QBZXHKEFWHNYEXYKHVYL_Germany_DELIM-QBZXHKEFWHNYEXYKHVYL_2011          0.00%    passed     99.66%
  61  KJ438727_DELIM-QBZXHKEFWHNYEXYKHVYL_EU3_DELIM-QBZXHKEFWHNYEXYKHVYL_Germany_DELIM-QBZXHKEFWHNYEXYKHVYL_2011          0.00%    passed     99.87%
  62  KJ438728_DELIM-QBZXHKEFWHNYEXYKHVYL_EU3_DELIM-QBZXHKEFWHNYEXYKHVYL_Germany_DELIM-QBZXHKEFWHNYEXYKHVYL_2011          0.00%    passed     99.35%
  63  KJ438729_DELIM-QBZXHKEFWHNYEXYKHVYL_EU3_DELIM-QBZXHKEFWHNYEXYKHVYL_Germany_DELIM-QBZXHKEFWHNYEXYKHVYL_2012          0.00%    passed     99.69%
  64  KJ438733_DELIM-QBZXHKEFWHNYEXYKHVYL_EU3_DELIM-QBZXHKEFWHNYEXYKHVYL_Germany_DELIM-QBZXHKEFWHNYEXYKHVYL_2012          0.00%    passed     99.57%
  65  KJ438732_DELIM-QBZXHKEFWHNYEXYKHVYL_EU3_DELIM-QBZXHKEFWHNYEXYKHVYL_Germany_DELIM-QBZXHKEFWHNYEXYKHVYL_2011          0.00%    passed     99.73%
  66  KJ438730_DELIM-QBZXHKEFWHNYEXYKHVYL_EU3_DELIM-QBZXHKEFWHNYEXYKHVYL_Germany_DELIM-QBZXHKEFWHNYEXYKHVYL_2011          0.00%    passed     99.80%
  67  KJ438734_DELIM-QBZXHKEFWHNYEXYKHVYL_EU3_DELIM-QBZXHKEFWHNYEXYKHVYL_Germany_DELIM-QBZXHKEFWHNYEXYKHVYL_2011          0.00%    passed     99.20%
  68  KJ438735_DELIM-QBZXHKEFWHNYEXYKHVYL_EU3_DELIM-QBZXHKEFWHNYEXYKHVYL_Germany_DELIM-QBZXHKEFWHNYEXYKHVYL_2012          0.00%    passed     99.84%
  69  KJ438737_DELIM-QBZXHKEFWHNYEXYKHVYL_EU3_DELIM-QBZXHKEFWHNYEXYKHVYL_Germany_DELIM-QBZXHKEFWHNYEXYKHVYL_2011          0.00%    passed     99.35%
  70  KJ438736_DELIM-QBZXHKEFWHNYEXYKHVYL_EU3_DELIM-QBZXHKEFWHNYEXYKHVYL_Germany_DELIM-QBZXHKEFWHNYEXYKHVYL_2011          0.00%    passed     99.67%
  71  KJ438738_DELIM-QBZXHKEFWHNYEXYKHVYL_EU3_DELIM-QBZXHKEFWHNYEXYKHVYL_Germany_DELIM-QBZXHKEFWHNYEXYKHVYL_2011          0.00%    passed     99.87%
  72  KJ438739_DELIM-QBZXHKEFWHNYEXYKHVYL_EU3_DELIM-QBZXHKEFWHNYEXYKHVYL_Germany_DELIM-QBZXHKEFWHNYEXYKHVYL_2013          0.00%    passed     99.80%
  73  KJ438740_DELIM-QBZXHKEFWHNYEXYKHVYL_EU3_DELIM-QBZXHKEFWHNYEXYKHVYL_Germany_DELIM-QBZXHKEFWHNYEXYKHVYL_2011          0.00%    passed     99.44%
  74  KJ438741_DELIM-QBZXHKEFWHNYEXYKHVYL_EU3_DELIM-QBZXHKEFWHNYEXYKHVYL_Germany_DELIM-QBZXHKEFWHNYEXYKHVYL_2013          0.00%    passed     99.22%
  75  KJ859682_DELIM-QBZXHKEFWHNYEXYKHVYL_EU3_DELIM-QBZXHKEFWHNYEXYKHVYL_Germany_DELIM-QBZXHKEFWHNYEXYKHVYL_2013          0.00%    passed     99.78%
  76  KJ438742_DELIM-QBZXHKEFWHNYEXYKHVYL_EU3_DELIM-QBZXHKEFWHNYEXYKHVYL_Germany_DELIM-QBZXHKEFWHNYEXYKHVYL_2013          0.00%    passed     99.78%
  77  KJ438743_DELIM-QBZXHKEFWHNYEXYKHVYL_EU3_DELIM-QBZXHKEFWHNYEXYKHVYL_Germany_DELIM-QBZXHKEFWHNYEXYKHVYL_2011          0.00%    passed     99.45%
  78  KJ438744_DELIM-QBZXHKEFWHNYEXYKHVYL_EU3_DELIM-QBZXHKEFWHNYEXYKHVYL_Germany_DELIM-QBZXHKEFWHNYEXYKHVYL_2012          0.00%    passed     99.75%
  79  KJ438745_DELIM-QBZXHKEFWHNYEXYKHVYL_EU3_DELIM-QBZXHKEFWHNYEXYKHVYL_Germany_DELIM-QBZXHKEFWHNYEXYKHVYL_2011          0.00%    passed     99.84%
  80  KJ438746_DELIM-QBZXHKEFWHNYEXYKHVYL_EU3_DELIM-QBZXHKEFWHNYEXYKHVYL_Germany_DELIM-QBZXHKEFWHNYEXYKHVYL_2011          0.00%    passed     99.82%
  81  KJ438747_DELIM-QBZXHKEFWHNYEXYKHVYL_EU3_DELIM-QBZXHKEFWHNYEXYKHVYL_Germany_DELIM-QBZXHKEFWHNYEXYKHVYL_2012          0.00%    passed     99.86%
  82  KJ438748_DELIM-QBZXHKEFWHNYEXYKHVYL_EU3_DELIM-QBZXHKEFWHNYEXYKHVYL_Germany_DELIM-QBZXHKEFWHNYEXYKHVYL_2012          0.00%    passed     99.73%
  83  KJ438749_DELIM-QBZXHKEFWHNYEXYKHVYL_EU3_DELIM-QBZXHKEFWHNYEXYKHVYL_Germany_DELIM-QBZXHKEFWHNYEXYKHVYL_2012          0.00%    passed     99.85%
  84  KJ438750_DELIM-QBZXHKEFWHNYEXYKHVYL_EU3_DELIM-QBZXHKEFWHNYEXYKHVYL_Germany_DELIM-QBZXHKEFWHNYEXYKHVYL_2011          0.00%    passed     99.74%
  85  KJ438751_DELIM-QBZXHKEFWHNYEXYKHVYL_EU3_DELIM-QBZXHKEFWHNYEXYKHVYL_Germany_DELIM-QBZXHKEFWHNYEXYKHVYL_2011          0.00%    passed     99.91%
  86  KJ438752_DELIM-QBZXHKEFWHNYEXYKHVYL_EU3_DELIM-QBZXHKEFWHNYEXYKHVYL_Germany_DELIM-QBZXHKEFWHNYEXYKHVYL_2011          0.00%    passed     99.86%
  87  KY426750_DELIM-QBZXHKEFWHNYEXYKHVYL_EU3_DELIM-QBZXHKEFWHNYEXYKHVYL_Germany_DELIM-QBZXHKEFWHNYEXYKHVYL_2015          0.59%    passed     98.41%
  88  KY426752_DELIM-QBZXHKEFWHNYEXYKHVYL_EU3_DELIM-QBZXHKEFWHNYEXYKHVYL_Germany_DELIM-QBZXHKEFWHNYEXYKHVYL_2015          0.61%    passed     97.98%
  89  KY426753_DELIM-QBZXHKEFWHNYEXYKHVYL_EU3_DELIM-QBZXHKEFWHNYEXYKHVYL_Germany_DELIM-QBZXHKEFWHNYEXYKHVYL_2015          0.57%    passed     98.60%
  90  KJ438753_DELIM-QBZXHKEFWHNYEXYKHVYL_EU3_DELIM-QBZXHKEFWHNYEXYKHVYL_Germany_DELIM-QBZXHKEFWHNYEXYKHVYL_2011          0.00%    passed     99.56%
  91  KJ438754_DELIM-QBZXHKEFWHNYEXYKHVYL_EU3_DELIM-QBZXHKEFWHNYEXYKHVYL_Germany_DELIM-QBZXHKEFWHNYEXYKHVYL_2012          0.00%    passed     99.75%
  92  KJ438755_DELIM-QBZXHKEFWHNYEXYKHVYL_EU3_DELIM-QBZXHKEFWHNYEXYKHVYL_Germany_DELIM-QBZXHKEFWHNYEXYKHVYL_2011          0.00%    passed     99.78%
  93  KJ438756_DELIM-QBZXHKEFWHNYEXYKHVYL_EU3_DELIM-QBZXHKEFWHNYEXYKHVYL_Germany_DELIM-QBZXHKEFWHNYEXYKHVYL_2011          0.00%    passed     99.64%
  94  KJ438757_DELIM-QBZXHKEFWHNYEXYKHVYL_EU3_DELIM-QBZXHKEFWHNYEXYKHVYL_Germany_DELIM-QBZXHKEFWHNYEXYKHVYL_2013          0.00%    passed     99.74%
  95  KJ438758_DELIM-QBZXHKEFWHNYEXYKHVYL_EU3_DELIM-QBZXHKEFWHNYEXYKHVYL_Germany_DELIM-QBZXHKEFWHNYEXYKHVYL_2013          0.00%    passed     99.67%
  96  KJ438759_DELIM-QBZXHKEFWHNYEXYKHVYL_EU3_DELIM-QBZXHKEFWHNYEXYKHVYL_Germany_DELIM-QBZXHKEFWHNYEXYKHVYL_2011          0.00%    passed     99.93%
  97  KJ438761_DELIM-QBZXHKEFWHNYEXYKHVYL_EU3_DELIM-QBZXHKEFWHNYEXYKHVYL_Germany_DELIM-QBZXHKEFWHNYEXYKHVYL_2011          0.00%    passed     99.78%
  98  KY426759_DELIM-QBZXHKEFWHNYEXYKHVYL_EU3_DELIM-QBZXHKEFWHNYEXYKHVYL_Germany_DELIM-QBZXHKEFWHNYEXYKHVYL_2016          0.01%    passed     99.60%
  99  KY426755_DELIM-QBZXHKEFWHNYEXYKHVYL_EU3_DELIM-QBZXHKEFWHNYEXYKHVYL_Germany_DELIM-QBZXHKEFWHNYEXYKHVYL_2016          0.09%    passed     99.75%
 100  KY426756_DELIM-QBZXHKEFWHNYEXYKHVYL_EU3_DELIM-QBZXHKEFWHNYEXYKHVYL_Germany_DELIM-QBZXHKEFWHNYEXYKHVYL_2016          0.00%    passed     99.49%
 101  MN122198_DELIM-QBZXHKEFWHNYEXYKHVYL_EU3_DELIM-QBZXHKEFWHNYEXYKHVYL_Netherlands_DELIM-QBZXHKEFWHNYEXYKHVYL_2017      0.62%    passed     99.01%
 102  MN122215_DELIM-QBZXHKEFWHNYEXYKHVYL_EU3_DELIM-QBZXHKEFWHNYEXYKHVYL_Netherlands_DELIM-QBZXHKEFWHNYEXYKHVYL_2017      0.62%    passed     97.76%
 103  KX977447_DELIM-QBZXHKEFWHNYEXYKHVYL_EU3_DELIM-QBZXHKEFWHNYEXYKHVYL_Belgium_DELIM-QBZXHKEFWHNYEXYKHVYL_2016          4.73%    passed     96.50%
 104  KY263626_DELIM-QBZXHKEFWHNYEXYKHVYL_EU3_DELIM-QBZXHKEFWHNYEXYKHVYL_Belgium_DELIM-QBZXHKEFWHNYEXYKHVYL_2016          0.00%    passed     99.76%
 105  MK230890_DELIM-QBZXHKEFWHNYEXYKHVYL_EU3_DELIM-QBZXHKEFWHNYEXYKHVYL_Belgium_DELIM-QBZXHKEFWHNYEXYKHVYL_2017          0.00%    passed     99.52%
 106  MN122152_DELIM-QBZXHKEFWHNYEXYKHVYL_EU3_DELIM-QBZXHKEFWHNYEXYKHVYL_Netherlands_DELIM-QBZXHKEFWHNYEXYKHVYL_2016      0.62%    passed     97.91%
 107  MN122196_DELIM-QBZXHKEFWHNYEXYKHVYL_EU3_DELIM-QBZXHKEFWHNYEXYKHVYL_Netherlands_DELIM-QBZXHKEFWHNYEXYKHVYL_2017      0.62%    passed     96.22%
 108  MN122203_DELIM-QBZXHKEFWHNYEXYKHVYL_EU3_DELIM-QBZXHKEFWHNYEXYKHVYL_Netherlands_DELIM-QBZXHKEFWHNYEXYKHVYL_2017      0.62%    passed     98.35%
 109  MN122158_DELIM-QBZXHKEFWHNYEXYKHVYL_EU3_DELIM-QBZXHKEFWHNYEXYKHVYL_Netherlands_DELIM-QBZXHKEFWHNYEXYKHVYL_2016      0.62%    passed     97.91%
 110  MN122235_DELIM-QBZXHKEFWHNYEXYKHVYL_EU3_DELIM-QBZXHKEFWHNYEXYKHVYL_Netherlands_DELIM-QBZXHKEFWHNYEXYKHVYL_2018      0.62%    passed     97.91%
 111  MN122177_DELIM-QBZXHKEFWHNYEXYKHVYL_EU3_DELIM-QBZXHKEFWHNYEXYKHVYL_Netherlands_DELIM-QBZXHKEFWHNYEXYKHVYL_2016      0.62%    passed     99.13%
 112  MN122174_DELIM-QBZXHKEFWHNYEXYKHVYL_EU3_DELIM-QBZXHKEFWHNYEXYKHVYL_Netherlands_DELIM-QBZXHKEFWHNYEXYKHVYL_2016      0.62%    passed     98.64%
 113  MN122188_DELIM-QBZXHKEFWHNYEXYKHVYL_EU3_DELIM-QBZXHKEFWHNYEXYKHVYL_Netherlands_DELIM-QBZXHKEFWHNYEXYKHVYL_2017      0.62%    passed     99.04%
 114  MN122189_DELIM-QBZXHKEFWHNYEXYKHVYL_EU3_DELIM-QBZXHKEFWHNYEXYKHVYL_Netherlands_DELIM-QBZXHKEFWHNYEXYKHVYL_2017      0.62%    passed     96.84%
 115  MN122192_DELIM-QBZXHKEFWHNYEXYKHVYL_EU3_DELIM-QBZXHKEFWHNYEXYKHVYL_Netherlands_DELIM-QBZXHKEFWHNYEXYKHVYL_2017      0.62%    passed     98.74%
 116  KJ438762_DELIM-QBZXHKEFWHNYEXYKHVYL_EU3_DELIM-QBZXHKEFWHNYEXYKHVYL_Germany_DELIM-QBZXHKEFWHNYEXYKHVYL_2011          0.00%    passed     99.69%
 117  KJ438763_DELIM-QBZXHKEFWHNYEXYKHVYL_EU3_DELIM-QBZXHKEFWHNYEXYKHVYL_Germany_DELIM-QBZXHKEFWHNYEXYKHVYL_2013          0.00%    passed     99.72%
 118  MN122154_DELIM-QBZXHKEFWHNYEXYKHVYL_EU3_DELIM-QBZXHKEFWHNYEXYKHVYL_Netherlands_DELIM-QBZXHKEFWHNYEXYKHVYL_2016      0.62%    passed     99.14%
 119  MN122170_DELIM-QBZXHKEFWHNYEXYKHVYL_EU3_DELIM-QBZXHKEFWHNYEXYKHVYL_Netherlands_DELIM-QBZXHKEFWHNYEXYKHVYL_2016      0.62%    passed     98.74%
 120  MN122176_DELIM-QBZXHKEFWHNYEXYKHVYL_EU3_DELIM-QBZXHKEFWHNYEXYKHVYL_Netherlands_DELIM-QBZXHKEFWHNYEXYKHVYL_2016      0.62%    passed     98.48%
 121  KJ438764_DELIM-QBZXHKEFWHNYEXYKHVYL_EU3_DELIM-QBZXHKEFWHNYEXYKHVYL_Germany_DELIM-QBZXHKEFWHNYEXYKHVYL_2013          0.00%    passed     99.73%
 122  KY426766_DELIM-QBZXHKEFWHNYEXYKHVYL_EU3_DELIM-QBZXHKEFWHNYEXYKHVYL_Germany_DELIM-QBZXHKEFWHNYEXYKHVYL_2016          0.02%    passed     99.84%
 123  KJ438765_DELIM-QBZXHKEFWHNYEXYKHVYL_EU3_DELIM-QBZXHKEFWHNYEXYKHVYL_Germany_DELIM-QBZXHKEFWHNYEXYKHVYL_2011          0.00%    passed     99.68%
 124  KJ438766_DELIM-QBZXHKEFWHNYEXYKHVYL_EU3_DELIM-QBZXHKEFWHNYEXYKHVYL_Germany_DELIM-QBZXHKEFWHNYEXYKHVYL_2012          0.00%    passed     99.48%
 125  MK796169_DELIM-QBZXHKEFWHNYEXYKHVYL_EU3_DELIM-QBZXHKEFWHNYEXYKHVYL_Netherlands_DELIM-QBZXHKEFWHNYEXYKHVYL_2016      0.62%    passed     98.52%
 126  MN122181_DELIM-QBZXHKEFWHNYEXYKHVYL_EU3_DELIM-QBZXHKEFWHNYEXYKHVYL_Netherlands_DELIM-QBZXHKEFWHNYEXYKHVYL_2016      0.62%    passed     98.69%
 127  MN122172_DELIM-QBZXHKEFWHNYEXYKHVYL_EU3_DELIM-QBZXHKEFWHNYEXYKHVYL_Netherlands_DELIM-QBZXHKEFWHNYEXYKHVYL_2016      0.62%    passed     98.90%
 128  MN122179_DELIM-QBZXHKEFWHNYEXYKHVYL_EU3_DELIM-QBZXHKEFWHNYEXYKHVYL_Netherlands_DELIM-QBZXHKEFWHNYEXYKHVYL_2016      0.62%    passed     98.52%
 129  KX601690_DELIM-QBZXHKEFWHNYEXYKHVYL_EU3_DELIM-QBZXHKEFWHNYEXYKHVYL_France_DELIM-QBZXHKEFWHNYEXYKHVYL_2015           0.14%    passed     99.62%
 130  KY263624_DELIM-QBZXHKEFWHNYEXYKHVYL_EU3_DELIM-QBZXHKEFWHNYEXYKHVYL_Belgium_DELIM-QBZXHKEFWHNYEXYKHVYL_2016          0.00%    passed     99.50%
 131  MK230892_DELIM-QBZXHKEFWHNYEXYKHVYL_EU3_DELIM-QBZXHKEFWHNYEXYKHVYL_Belgium_DELIM-QBZXHKEFWHNYEXYKHVYL_2017          0.00%    passed     99.88%
 132  KJ438760_DELIM-QBZXHKEFWHNYEXYKHVYL_EU3_DELIM-QBZXHKEFWHNYEXYKHVYL_Germany_DELIM-QBZXHKEFWHNYEXYKHVYL_2011          0.31%    passed     97.66%
 133  KJ438767_DELIM-QBZXHKEFWHNYEXYKHVYL_EU3_DELIM-QBZXHKEFWHNYEXYKHVYL_Germany_DELIM-QBZXHKEFWHNYEXYKHVYL_2011          0.00%    passed     99.74%
 134  KJ438768_DELIM-QBZXHKEFWHNYEXYKHVYL_EU3_DELIM-QBZXHKEFWHNYEXYKHVYL_Germany_DELIM-QBZXHKEFWHNYEXYKHVYL_2013          0.00%    passed     99.48%
 135  KJ438769_DELIM-QBZXHKEFWHNYEXYKHVYL_EU3_DELIM-QBZXHKEFWHNYEXYKHVYL_Germany_DELIM-QBZXHKEFWHNYEXYKHVYL_2011          0.00%    passed     99.80%
 136  KJ438770_DELIM-QBZXHKEFWHNYEXYKHVYL_EU3_DELIM-QBZXHKEFWHNYEXYKHVYL_Germany_DELIM-QBZXHKEFWHNYEXYKHVYL_2013          0.00%    passed     99.94%
 137  KJ438771_DELIM-QBZXHKEFWHNYEXYKHVYL_EU3_DELIM-QBZXHKEFWHNYEXYKHVYL_Germany_DELIM-QBZXHKEFWHNYEXYKHVYL_2013          0.00%    passed     99.81%
 138  KJ438772_DELIM-QBZXHKEFWHNYEXYKHVYL_EU3_DELIM-QBZXHKEFWHNYEXYKHVYL_Germany_DELIM-QBZXHKEFWHNYEXYKHVYL_2011          0.00%    passed     99.71%
 139  KJ438773_DELIM-QBZXHKEFWHNYEXYKHVYL_EU3_DELIM-QBZXHKEFWHNYEXYKHVYL_Germany_DELIM-QBZXHKEFWHNYEXYKHVYL_2011          0.00%    passed     99.65%
 140  KJ438774_DELIM-QBZXHKEFWHNYEXYKHVYL_EU3_DELIM-QBZXHKEFWHNYEXYKHVYL_Germany_DELIM-QBZXHKEFWHNYEXYKHVYL_2012          0.00%    passed     99.34%
 141  KJ438775_DELIM-QBZXHKEFWHNYEXYKHVYL_EU3_DELIM-QBZXHKEFWHNYEXYKHVYL_Germany_DELIM-QBZXHKEFWHNYEXYKHVYL_2011          0.00%    passed     99.65%
 142  KJ438776_DELIM-QBZXHKEFWHNYEXYKHVYL_EU3_DELIM-QBZXHKEFWHNYEXYKHVYL_Germany_DELIM-QBZXHKEFWHNYEXYKHVYL_2011          0.00%    passed     99.73%
 143  KJ438777_DELIM-QBZXHKEFWHNYEXYKHVYL_EU3_DELIM-QBZXHKEFWHNYEXYKHVYL_Germany_DELIM-QBZXHKEFWHNYEXYKHVYL_2011          0.00%    passed     99.94%
 144  KJ438778_DELIM-QBZXHKEFWHNYEXYKHVYL_EU3_DELIM-QBZXHKEFWHNYEXYKHVYL_Germany_DELIM-QBZXHKEFWHNYEXYKHVYL_2011          0.00%    passed     99.87%
 145  KJ438779_DELIM-QBZXHKEFWHNYEXYKHVYL_EU3_DELIM-QBZXHKEFWHNYEXYKHVYL_Germany_DELIM-QBZXHKEFWHNYEXYKHVYL_2012          0.00%    passed     99.92%
 146  KY199558_DELIM-QBZXHKEFWHNYEXYKHVYL_EU3_DELIM-QBZXHKEFWHNYEXYKHVYL_Germany_DELIM-QBZXHKEFWHNYEXYKHVYL_2016          0.00%    passed     99.53%
 147  KY426751_DELIM-QBZXHKEFWHNYEXYKHVYL_EU3_DELIM-QBZXHKEFWHNYEXYKHVYL_Germany_DELIM-QBZXHKEFWHNYEXYKHVYL_2015          0.55%    passed     97.43%
 148  KY426769_DELIM-QBZXHKEFWHNYEXYKHVYL_EU3_DELIM-QBZXHKEFWHNYEXYKHVYL_Germany_DELIM-QBZXHKEFWHNYEXYKHVYL_2016          0.01%    passed     99.81%
 149  KY426770_DELIM-QBZXHKEFWHNYEXYKHVYL_EU3_DELIM-QBZXHKEFWHNYEXYKHVYL_Germany_DELIM-QBZXHKEFWHNYEXYKHVYL_2016          0.54%    passed     99.62%
 150  KY426762_DELIM-QBZXHKEFWHNYEXYKHVYL_EU3_DELIM-QBZXHKEFWHNYEXYKHVYL_Germany_DELIM-QBZXHKEFWHNYEXYKHVYL_2016          0.50%    passed     99.74%
 151  KY426763_DELIM-QBZXHKEFWHNYEXYKHVYL_EU3_DELIM-QBZXHKEFWHNYEXYKHVYL_Germany_DELIM-QBZXHKEFWHNYEXYKHVYL_2016          0.06%    passed     99.95%
 152  KJ438780_DELIM-QBZXHKEFWHNYEXYKHVYL_EU3_DELIM-QBZXHKEFWHNYEXYKHVYL_Germany_DELIM-QBZXHKEFWHNYEXYKHVYL_2011          0.00%    passed     99.51%
 153  KJ438781_DELIM-QBZXHKEFWHNYEXYKHVYL_EU3_DELIM-QBZXHKEFWHNYEXYKHVYL_Germany_DELIM-QBZXHKEFWHNYEXYKHVYL_2011          0.00%    passed     99.23%
 154  KY426760_DELIM-QBZXHKEFWHNYEXYKHVYL_EU3_DELIM-QBZXHKEFWHNYEXYKHVYL_Germany_DELIM-QBZXHKEFWHNYEXYKHVYL_2016          0.00%    passed     99.72%
 155  KY315178_DELIM-QBZXHKEFWHNYEXYKHVYL_EU3_DELIM-QBZXHKEFWHNYEXYKHVYL_Belgium_DELIM-QBZXHKEFWHNYEXYKHVYL_2016          0.09%    passed     99.68%
 156  MN122213_DELIM-QBZXHKEFWHNYEXYKHVYL_EU3_DELIM-QBZXHKEFWHNYEXYKHVYL_Netherlands_DELIM-QBZXHKEFWHNYEXYKHVYL_2017      0.62%    passed     98.35%
 157  MK796168_DELIM-QBZXHKEFWHNYEXYKHVYL_EU3_DELIM-QBZXHKEFWHNYEXYKHVYL_Netherlands_DELIM-QBZXHKEFWHNYEXYKHVYL_2016      0.62%    passed     98.70%
 158  MN122190_DELIM-QBZXHKEFWHNYEXYKHVYL_EU3_DELIM-QBZXHKEFWHNYEXYKHVYL_Netherlands_DELIM-QBZXHKEFWHNYEXYKHVYL_2017      0.62%    passed     98.52%
 159  MN122166_DELIM-QBZXHKEFWHNYEXYKHVYL_EU3_DELIM-QBZXHKEFWHNYEXYKHVYL_Netherlands_DELIM-QBZXHKEFWHNYEXYKHVYL_2016      0.62%    passed     98.52%
 160  KX601691_DELIM-QBZXHKEFWHNYEXYKHVYL_EU3_DELIM-QBZXHKEFWHNYEXYKHVYL_France_DELIM-QBZXHKEFWHNYEXYKHVYL_2015           0.01%    passed     99.61%
 161  KY128481_DELIM-QBZXHKEFWHNYEXYKHVYL_EU3_DELIM-QBZXHKEFWHNYEXYKHVYL_France_DELIM-QBZXHKEFWHNYEXYKHVYL_2016           3.40%    passed     96.89%
 162  KY426767_DELIM-QBZXHKEFWHNYEXYKHVYL_EU3_DELIM-QBZXHKEFWHNYEXYKHVYL_Germany_DELIM-QBZXHKEFWHNYEXYKHVYL_2016          0.00%    passed     99.59%
 163  KY426768_DELIM-QBZXHKEFWHNYEXYKHVYL_EU3_DELIM-QBZXHKEFWHNYEXYKHVYL_Germany_DELIM-QBZXHKEFWHNYEXYKHVYL_2016          0.00%    passed     99.37%
 164  KU573073_DELIM-QBZXHKEFWHNYEXYKHVYL_EU4_DELIM-QBZXHKEFWHNYEXYKHVYL_Italy_DELIM-QBZXHKEFWHNYEXYKHVYL_2013            4.76%    passed     93.38%
 165  KX816646_DELIM-QBZXHKEFWHNYEXYKHVYL_EU4_DELIM-QBZXHKEFWHNYEXYKHVYL_Italy_DELIM-QBZXHKEFWHNYEXYKHVYL_2010            5.87%    passed     89.00%
 166  KX816653_DELIM-QBZXHKEFWHNYEXYKHVYL_EU4_DELIM-QBZXHKEFWHNYEXYKHVYL_Italy_DELIM-QBZXHKEFWHNYEXYKHVYL_2012            0.89%    passed     99.03%
 167  KX555629_DELIM-QBZXHKEFWHNYEXYKHVYL_EU4_DELIM-QBZXHKEFWHNYEXYKHVYL_Italy_DELIM-QBZXHKEFWHNYEXYKHVYL_2015            0.02%    passed     99.49%
 168  KC754955_DELIM-QBZXHKEFWHNYEXYKHVYL_AF3_DELIM-QBZXHKEFWHNYEXYKHVYL_CAR_DELIM-QBZXHKEFWHNYEXYKHVYL_1981              0.34%    passed     98.80%
 169  KC754956_DELIM-QBZXHKEFWHNYEXYKHVYL_AF3_DELIM-QBZXHKEFWHNYEXYKHVYL_Senegal_DELIM-QBZXHKEFWHNYEXYKHVYL_1993          0.00%    passed     97.12%
 170  KC754957_DELIM-QBZXHKEFWHNYEXYKHVYL_AF3_DELIM-QBZXHKEFWHNYEXYKHVYL_Senegal_DELIM-QBZXHKEFWHNYEXYKHVYL_2007          0.11%    passed     99.76%
 171  MG461306_DELIM-QBZXHKEFWHNYEXYKHVYL_EU5_DELIM-QBZXHKEFWHNYEXYKHVYL_Israel_DELIM-QBZXHKEFWHNYEXYKHVYL_2015           0.00%    passed     99.07%
 172  MG461307_DELIM-QBZXHKEFWHNYEXYKHVYL_EU5_DELIM-QBZXHKEFWHNYEXYKHVYL_Israel_DELIM-QBZXHKEFWHNYEXYKHVYL_2015           0.00%    passed     99.57%
 173  MG461308_DELIM-QBZXHKEFWHNYEXYKHVYL_EU5_DELIM-QBZXHKEFWHNYEXYKHVYL_Israel_DELIM-QBZXHKEFWHNYEXYKHVYL_2015           0.00%    passed     98.75%
 174  MG461313_DELIM-QBZXHKEFWHNYEXYKHVYL_EU5_DELIM-QBZXHKEFWHNYEXYKHVYL_Israel_DELIM-QBZXHKEFWHNYEXYKHVYL_2015           0.14%    passed     99.04%
 175  MG461309_DELIM-QBZXHKEFWHNYEXYKHVYL_EU5_DELIM-QBZXHKEFWHNYEXYKHVYL_Israel_DELIM-QBZXHKEFWHNYEXYKHVYL_2004           0.05%    passed     99.99%
 176  MG461310_DELIM-QBZXHKEFWHNYEXYKHVYL_EU5_DELIM-QBZXHKEFWHNYEXYKHVYL_Israel_DELIM-QBZXHKEFWHNYEXYKHVYL_2004           0.05%    passed     99.88%
 177  MG461311_DELIM-QBZXHKEFWHNYEXYKHVYL_EU5_DELIM-QBZXHKEFWHNYEXYKHVYL_Israel_DELIM-QBZXHKEFWHNYEXYKHVYL_2004           0.08%    passed     99.93%
 178  MG461312_DELIM-QBZXHKEFWHNYEXYKHVYL_EU5_DELIM-QBZXHKEFWHNYEXYKHVYL_Israel_DELIM-QBZXHKEFWHNYEXYKHVYL_2004           0.11%    passed     99.97%
 179  MN813491_DELIM-QBZXHKEFWHNYEXYKHVYL_EU5_DELIM-QBZXHKEFWHNYEXYKHVYL_Uganda_DELIM-QBZXHKEFWHNYEXYKHVYL_2010           4.91%    passed     77.33%
 180  MT241508_DELIM-QBZXHKEFWHNYEXYKHVYL_AFX_DELIM-QBZXHKEFWHNYEXYKHVYL_Uganda_DELIM-QBZXHKEFWHNYEXYKHVYL_2012           0.04%    passed     99.70%
 181  KM659877_DELIM-QBZXHKEFWHNYEXYKHVYL_AF3_DELIM-QBZXHKEFWHNYEXYKHVYL_Germany_DELIM-QBZXHKEFWHNYEXYKHVYL_2014          0.00%    passed     95.27%
 182  KY426761_DELIM-QBZXHKEFWHNYEXYKHVYL_AF3_DELIM-QBZXHKEFWHNYEXYKHVYL_Germany_DELIM-QBZXHKEFWHNYEXYKHVYL_2016          0.63%    passed     98.21%
 183  KY426765_DELIM-QBZXHKEFWHNYEXYKHVYL_AF3_DELIM-QBZXHKEFWHNYEXYKHVYL_Germany_DELIM-QBZXHKEFWHNYEXYKHVYL_2016          0.71%    passed     97.24%
 184  MH891847_DELIM-QBZXHKEFWHNYEXYKHVYL_AF3_DELIM-QBZXHKEFWHNYEXYKHVYL_Netherlands_DELIM-QBZXHKEFWHNYEXYKHVYL_2016      2.95%    passed     84.12%
 185  MT188658_DELIM-QBZXHKEFWHNYEXYKHVYL_EUX_DELIM-QBZXHKEFWHNYEXYKHVYL_Netherlands_DELIM-QBZXHKEFWHNYEXYKHVYL_2016      0.01%    passed     91.54%
 186  MN813490_DELIM-QBZXHKEFWHNYEXYKHVYL_AF3_DELIM-QBZXHKEFWHNYEXYKHVYL_Netherlands_DELIM-QBZXHKEFWHNYEXYKHVYL_2016      4.91%    passed     97.55%
 187  MN122145_DELIM-QBZXHKEFWHNYEXYKHVYL_AF3_DELIM-QBZXHKEFWHNYEXYKHVYL_Netherlands_DELIM-QBZXHKEFWHNYEXYKHVYL_2016      0.62%    passed     97.89%
 188  MN122156_DELIM-QBZXHKEFWHNYEXYKHVYL_AF3_DELIM-QBZXHKEFWHNYEXYKHVYL_Netherlands_DELIM-QBZXHKEFWHNYEXYKHVYL_2016      0.62%    passed     97.31%
 189  MN122185_DELIM-QBZXHKEFWHNYEXYKHVYL_AF3_DELIM-QBZXHKEFWHNYEXYKHVYL_Netherlands_DELIM-QBZXHKEFWHNYEXYKHVYL_2016      0.62%    passed     97.31%
 190  MN122236_DELIM-QBZXHKEFWHNYEXYKHVYL_AF3_DELIM-QBZXHKEFWHNYEXYKHVYL_Netherlands_DELIM-QBZXHKEFWHNYEXYKHVYL_2018      0.62%    passed     97.58%
 191  MN122164_DELIM-QBZXHKEFWHNYEXYKHVYL_AF3_DELIM-QBZXHKEFWHNYEXYKHVYL_Netherlands_DELIM-QBZXHKEFWHNYEXYKHVYL_2016      0.62%    passed     96.59%
 192  MN122162_DELIM-QBZXHKEFWHNYEXYKHVYL_AF3_DELIM-QBZXHKEFWHNYEXYKHVYL_Netherlands_DELIM-QBZXHKEFWHNYEXYKHVYL_2016      0.62%    passed     96.60%
 193  MN122187_DELIM-QBZXHKEFWHNYEXYKHVYL_AF3_DELIM-QBZXHKEFWHNYEXYKHVYL_Netherlands_DELIM-QBZXHKEFWHNYEXYKHVYL_2016      0.62%    passed     97.61%
 194  MN122211_DELIM-QBZXHKEFWHNYEXYKHVYL_AF3_DELIM-QBZXHKEFWHNYEXYKHVYL_Netherlands_DELIM-QBZXHKEFWHNYEXYKHVYL_2017      0.62%    passed     96.97%
 195  MN122175_DELIM-QBZXHKEFWHNYEXYKHVYL_AF3_DELIM-QBZXHKEFWHNYEXYKHVYL_Netherlands_DELIM-QBZXHKEFWHNYEXYKHVYL_2016      0.62%    passed     97.31%
 196  MN122249_DELIM-QBZXHKEFWHNYEXYKHVYL_AF3_DELIM-QBZXHKEFWHNYEXYKHVYL_Netherlands_DELIM-QBZXHKEFWHNYEXYKHVYL_2018      0.62%    passed     96.97%
 197  MN122148_DELIM-QBZXHKEFWHNYEXYKHVYL_AF3_DELIM-QBZXHKEFWHNYEXYKHVYL_Netherlands_DELIM-QBZXHKEFWHNYEXYKHVYL_2016      0.62%    passed     96.20%
 198  MN122230_DELIM-QBZXHKEFWHNYEXYKHVYL_AF3_DELIM-QBZXHKEFWHNYEXYKHVYL_Netherlands_DELIM-QBZXHKEFWHNYEXYKHVYL_2018      0.62%    passed     97.00%
 199  MN122224_DELIM-QBZXHKEFWHNYEXYKHVYL_AF3_DELIM-QBZXHKEFWHNYEXYKHVYL_Netherlands_DELIM-QBZXHKEFWHNYEXYKHVYL_2018      0.62%    passed     96.28%
 200  MN122227_DELIM-QBZXHKEFWHNYEXYKHVYL_AF3_DELIM-QBZXHKEFWHNYEXYKHVYL_Netherlands_DELIM-QBZXHKEFWHNYEXYKHVYL_2018      0.62%    passed     98.14%
 201  MN122254_DELIM-QBZXHKEFWHNYEXYKHVYL_AF3_DELIM-QBZXHKEFWHNYEXYKHVYL_Netherlands_DELIM-QBZXHKEFWHNYEXYKHVYL_2018      0.62%    passed     94.70%
 202  MN122186_DELIM-QBZXHKEFWHNYEXYKHVYL_AF3_DELIM-QBZXHKEFWHNYEXYKHVYL_Netherlands_DELIM-QBZXHKEFWHNYEXYKHVYL_2016      0.62%    passed     98.05%
 203  MN122201_DELIM-QBZXHKEFWHNYEXYKHVYL_AF3_DELIM-QBZXHKEFWHNYEXYKHVYL_Netherlands_DELIM-QBZXHKEFWHNYEXYKHVYL_2017      0.62%    passed     98.98%
 204  MN122240_DELIM-QBZXHKEFWHNYEXYKHVYL_AF3_DELIM-QBZXHKEFWHNYEXYKHVYL_Netherlands_DELIM-QBZXHKEFWHNYEXYKHVYL_2018      0.62%    passed     99.14%
 205  MN122214_DELIM-QBZXHKEFWHNYEXYKHVYL_AF3_DELIM-QBZXHKEFWHNYEXYKHVYL_Netherlands_DELIM-QBZXHKEFWHNYEXYKHVYL_2017      0.62%    passed     94.94%
 206  MN122163_DELIM-QBZXHKEFWHNYEXYKHVYL_AF3_DELIM-QBZXHKEFWHNYEXYKHVYL_Netherlands_DELIM-QBZXHKEFWHNYEXYKHVYL_2016      0.62%    passed     97.98%
 207  MN122169_DELIM-QBZXHKEFWHNYEXYKHVYL_AF3_DELIM-QBZXHKEFWHNYEXYKHVYL_Netherlands_DELIM-QBZXHKEFWHNYEXYKHVYL_2016      0.62%    passed     98.05%
 208  MN122206_DELIM-QBZXHKEFWHNYEXYKHVYL_AF3_DELIM-QBZXHKEFWHNYEXYKHVYL_Netherlands_DELIM-QBZXHKEFWHNYEXYKHVYL_2017      0.62%    passed     96.97%
 209  MN122182_DELIM-QBZXHKEFWHNYEXYKHVYL_AF3_DELIM-QBZXHKEFWHNYEXYKHVYL_Netherlands_DELIM-QBZXHKEFWHNYEXYKHVYL_2016      0.62%    passed     98.36%
 210  MN122231_DELIM-QBZXHKEFWHNYEXYKHVYL_AF3_DELIM-QBZXHKEFWHNYEXYKHVYL_Netherlands_DELIM-QBZXHKEFWHNYEXYKHVYL_2018      0.62%    passed     98.89%
 211  MN122232_DELIM-QBZXHKEFWHNYEXYKHVYL_AF3_DELIM-QBZXHKEFWHNYEXYKHVYL_Netherlands_DELIM-QBZXHKEFWHNYEXYKHVYL_2018      0.62%    passed     99.20%
 212  MN122220_DELIM-QBZXHKEFWHNYEXYKHVYL_AF3_DELIM-QBZXHKEFWHNYEXYKHVYL_Netherlands_DELIM-QBZXHKEFWHNYEXYKHVYL_2018      0.62%    passed     98.15%
 213  MN122245_DELIM-QBZXHKEFWHNYEXYKHVYL_AF3_DELIM-QBZXHKEFWHNYEXYKHVYL_Netherlands_DELIM-QBZXHKEFWHNYEXYKHVYL_2018      0.62%    passed     97.61%
 214  MN122151_DELIM-QBZXHKEFWHNYEXYKHVYL_AF3_DELIM-QBZXHKEFWHNYEXYKHVYL_Netherlands_DELIM-QBZXHKEFWHNYEXYKHVYL_2016      0.62%    passed     97.88%
 215  MN122233_DELIM-QBZXHKEFWHNYEXYKHVYL_AF3_DELIM-QBZXHKEFWHNYEXYKHVYL_Netherlands_DELIM-QBZXHKEFWHNYEXYKHVYL_2018      0.62%    passed     98.78%
 216  MN122244_DELIM-QBZXHKEFWHNYEXYKHVYL_AF3_DELIM-QBZXHKEFWHNYEXYKHVYL_Netherlands_DELIM-QBZXHKEFWHNYEXYKHVYL_2018      0.62%    passed     99.00%
 217  MN122246_DELIM-QBZXHKEFWHNYEXYKHVYL_AF3_DELIM-QBZXHKEFWHNYEXYKHVYL_Netherlands_DELIM-QBZXHKEFWHNYEXYKHVYL_2018      0.62%    passed     99.25%
 218  MW001216_DELIM-QBZXHKEFWHNYEXYKHVYL_EUX_DELIM-QBZXHKEFWHNYEXYKHVYL_UnitedKingdom_DELIM-QBZXHKEFWHNYEXYKHVYL_2020    0.63%    passed     96.71%
 219  KY128482_DELIM-QBZXHKEFWHNYEXYKHVYL_AF3_DELIM-QBZXHKEFWHNYEXYKHVYL_Netherlands_DELIM-QBZXHKEFWHNYEXYKHVYL_2016      0.00%    passed     96.88%
 220  MN122147_DELIM-QBZXHKEFWHNYEXYKHVYL_AF3_DELIM-QBZXHKEFWHNYEXYKHVYL_Netherlands_DELIM-QBZXHKEFWHNYEXYKHVYL_2016      4.66%    passed     98.34%
 221  MN122149_DELIM-QBZXHKEFWHNYEXYKHVYL_AF3_DELIM-QBZXHKEFWHNYEXYKHVYL_Netherlands_DELIM-QBZXHKEFWHNYEXYKHVYL_2016      0.62%    passed     99.76%
 222  MN122153_DELIM-QBZXHKEFWHNYEXYKHVYL_AF3_DELIM-QBZXHKEFWHNYEXYKHVYL_Netherlands_DELIM-QBZXHKEFWHNYEXYKHVYL_2016      0.62%    passed     99.51%
 223  MN122193_DELIM-QBZXHKEFWHNYEXYKHVYL_AF3_DELIM-QBZXHKEFWHNYEXYKHVYL_Netherlands_DELIM-QBZXHKEFWHNYEXYKHVYL_2017      0.62%    passed     99.41%
 224  MN122184_DELIM-QBZXHKEFWHNYEXYKHVYL_AF3_DELIM-QBZXHKEFWHNYEXYKHVYL_Netherlands_DELIM-QBZXHKEFWHNYEXYKHVYL_2016      0.62%    passed     99.52%
 225  MN122161_DELIM-QBZXHKEFWHNYEXYKHVYL_AF3_DELIM-QBZXHKEFWHNYEXYKHVYL_Netherlands_DELIM-QBZXHKEFWHNYEXYKHVYL_2016      0.62%    passed     99.03%
 226  MN122195_DELIM-QBZXHKEFWHNYEXYKHVYL_AF3_DELIM-QBZXHKEFWHNYEXYKHVYL_Netherlands_DELIM-QBZXHKEFWHNYEXYKHVYL_2017      0.62%    passed     99.76%
 227  MN122219_DELIM-QBZXHKEFWHNYEXYKHVYL_AF3_DELIM-QBZXHKEFWHNYEXYKHVYL_Netherlands_DELIM-QBZXHKEFWHNYEXYKHVYL_2018      0.62%    passed     99.51%
 228  MN122228_DELIM-QBZXHKEFWHNYEXYKHVYL_AF3_DELIM-QBZXHKEFWHNYEXYKHVYL_Netherlands_DELIM-QBZXHKEFWHNYEXYKHVYL_2018      0.62%    passed     99.27%
 229  MN122247_DELIM-QBZXHKEFWHNYEXYKHVYL_AF3_DELIM-QBZXHKEFWHNYEXYKHVYL_Netherlands_DELIM-QBZXHKEFWHNYEXYKHVYL_2018      0.62%    passed     99.74%
 230  MN122150_DELIM-QBZXHKEFWHNYEXYKHVYL_AF3_DELIM-QBZXHKEFWHNYEXYKHVYL_Netherlands_DELIM-QBZXHKEFWHNYEXYKHVYL_2016      0.62%    passed     99.50%
 231  MN122165_DELIM-QBZXHKEFWHNYEXYKHVYL_AF3_DELIM-QBZXHKEFWHNYEXYKHVYL_Netherlands_DELIM-QBZXHKEFWHNYEXYKHVYL_2016      0.62%    passed     99.14%
 232  MN122208_DELIM-QBZXHKEFWHNYEXYKHVYL_AF3_DELIM-QBZXHKEFWHNYEXYKHVYL_Netherlands_DELIM-QBZXHKEFWHNYEXYKHVYL_2017      0.62%    passed     99.57%
 233  MN122241_DELIM-QBZXHKEFWHNYEXYKHVYL_AF3_DELIM-QBZXHKEFWHNYEXYKHVYL_Netherlands_DELIM-QBZXHKEFWHNYEXYKHVYL_2018      0.62%    passed     99.14%
 234  MN122202_DELIM-QBZXHKEFWHNYEXYKHVYL_AF3_DELIM-QBZXHKEFWHNYEXYKHVYL_Netherlands_DELIM-QBZXHKEFWHNYEXYKHVYL_2017      0.62%    passed     99.50%
 235  MN122239_DELIM-QBZXHKEFWHNYEXYKHVYL_AF3_DELIM-QBZXHKEFWHNYEXYKHVYL_Netherlands_DELIM-QBZXHKEFWHNYEXYKHVYL_2018      0.62%    passed     99.49%
 236  MN122199_DELIM-QBZXHKEFWHNYEXYKHVYL_AF3_DELIM-QBZXHKEFWHNYEXYKHVYL_Netherlands_DELIM-QBZXHKEFWHNYEXYKHVYL_2017      0.62%    passed     98.80%
 237  MN122209_DELIM-QBZXHKEFWHNYEXYKHVYL_AF3_DELIM-QBZXHKEFWHNYEXYKHVYL_Netherlands_DELIM-QBZXHKEFWHNYEXYKHVYL_2017      0.62%    passed     99.14%
 238  MN122242_DELIM-QBZXHKEFWHNYEXYKHVYL_AF3_DELIM-QBZXHKEFWHNYEXYKHVYL_Netherlands_DELIM-QBZXHKEFWHNYEXYKHVYL_2018      0.62%    passed     99.26%
 239  MN122221_DELIM-QBZXHKEFWHNYEXYKHVYL_AF3_DELIM-QBZXHKEFWHNYEXYKHVYL_Netherlands_DELIM-QBZXHKEFWHNYEXYKHVYL_2018      0.62%    passed     99.70%
 240  MN122159_DELIM-QBZXHKEFWHNYEXYKHVYL_AF3_DELIM-QBZXHKEFWHNYEXYKHVYL_Netherlands_DELIM-QBZXHKEFWHNYEXYKHVYL_2016      0.62%    passed     99.57%
 241  MN122255_DELIM-QBZXHKEFWHNYEXYKHVYL_AF3_DELIM-QBZXHKEFWHNYEXYKHVYL_Netherlands_DELIM-QBZXHKEFWHNYEXYKHVYL_2018      0.62%    passed     99.76%
 242  MN122191_DELIM-QBZXHKEFWHNYEXYKHVYL_AF3_DELIM-QBZXHKEFWHNYEXYKHVYL_Netherlands_DELIM-QBZXHKEFWHNYEXYKHVYL_2017      0.62%    passed     99.77%
 243  MN122168_DELIM-QBZXHKEFWHNYEXYKHVYL_AF3_DELIM-QBZXHKEFWHNYEXYKHVYL_Netherlands_DELIM-QBZXHKEFWHNYEXYKHVYL_2016      0.62%    passed     99.50%
 244  MN122160_DELIM-QBZXHKEFWHNYEXYKHVYL_AF3_DELIM-QBZXHKEFWHNYEXYKHVYL_Netherlands_DELIM-QBZXHKEFWHNYEXYKHVYL_2016      0.62%    passed     99.39%
 245  MN122173_DELIM-QBZXHKEFWHNYEXYKHVYL_AF3_DELIM-QBZXHKEFWHNYEXYKHVYL_Netherlands_DELIM-QBZXHKEFWHNYEXYKHVYL_2016      0.62%    passed     99.66%
 246  MN122205_DELIM-QBZXHKEFWHNYEXYKHVYL_AF3_DELIM-QBZXHKEFWHNYEXYKHVYL_Netherlands_DELIM-QBZXHKEFWHNYEXYKHVYL_2017      0.62%    passed     99.55%
 247  MN122226_DELIM-QBZXHKEFWHNYEXYKHVYL_AF3_DELIM-QBZXHKEFWHNYEXYKHVYL_Netherlands_DELIM-QBZXHKEFWHNYEXYKHVYL_2018      0.62%    passed     99.55%
 248  MN122197_DELIM-QBZXHKEFWHNYEXYKHVYL_AF3_DELIM-QBZXHKEFWHNYEXYKHVYL_Netherlands_DELIM-QBZXHKEFWHNYEXYKHVYL_2017      0.62%    passed     99.29%
 249  MN122222_DELIM-QBZXHKEFWHNYEXYKHVYL_AF3_DELIM-QBZXHKEFWHNYEXYKHVYL_Netherlands_DELIM-QBZXHKEFWHNYEXYKHVYL_2018      0.62%    passed     99.40%
 250  MN122217_DELIM-QBZXHKEFWHNYEXYKHVYL_AF3_DELIM-QBZXHKEFWHNYEXYKHVYL_Netherlands_DELIM-QBZXHKEFWHNYEXYKHVYL_2018      0.62%    passed     99.39%
 251  MN122252_DELIM-QBZXHKEFWHNYEXYKHVYL_AF3_DELIM-QBZXHKEFWHNYEXYKHVYL_Netherlands_DELIM-QBZXHKEFWHNYEXYKHVYL_2018      0.62%    passed     99.70%
 252  MN122256_DELIM-QBZXHKEFWHNYEXYKHVYL_AF3_DELIM-QBZXHKEFWHNYEXYKHVYL_Netherlands_DELIM-QBZXHKEFWHNYEXYKHVYL_2018      0.62%    passed     99.22%
 253  MN122253_DELIM-QBZXHKEFWHNYEXYKHVYL_AF3_DELIM-QBZXHKEFWHNYEXYKHVYL_Netherlands_DELIM-QBZXHKEFWHNYEXYKHVYL_2018      0.62%    passed     99.27%
 254  MN122155_DELIM-QBZXHKEFWHNYEXYKHVYL_AF3_DELIM-QBZXHKEFWHNYEXYKHVYL_Netherlands_DELIM-QBZXHKEFWHNYEXYKHVYL_2016      0.62%    passed     97.98%
 255  MN122180_DELIM-QBZXHKEFWHNYEXYKHVYL_AF3_DELIM-QBZXHKEFWHNYEXYKHVYL_Netherlands_DELIM-QBZXHKEFWHNYEXYKHVYL_2016      0.62%    passed     98.36%
 256  MN122194_DELIM-QBZXHKEFWHNYEXYKHVYL_AF3_DELIM-QBZXHKEFWHNYEXYKHVYL_Netherlands_DELIM-QBZXHKEFWHNYEXYKHVYL_2017      0.62%    passed     98.78%
 257  MN122243_DELIM-QBZXHKEFWHNYEXYKHVYL_AF3_DELIM-QBZXHKEFWHNYEXYKHVYL_Netherlands_DELIM-QBZXHKEFWHNYEXYKHVYL_2018      0.62%    passed     98.39%
 258  MN122234_DELIM-QBZXHKEFWHNYEXYKHVYL_AF3_DELIM-QBZXHKEFWHNYEXYKHVYL_Netherlands_DELIM-QBZXHKEFWHNYEXYKHVYL_2018      0.62%    passed     98.80%
 259  MN122237_DELIM-QBZXHKEFWHNYEXYKHVYL_AF3_DELIM-QBZXHKEFWHNYEXYKHVYL_Netherlands_DELIM-QBZXHKEFWHNYEXYKHVYL_2018      0.62%    passed     97.32%
 260  MN122218_DELIM-QBZXHKEFWHNYEXYKHVYL_AF3_DELIM-QBZXHKEFWHNYEXYKHVYL_Netherlands_DELIM-QBZXHKEFWHNYEXYKHVYL_2018      0.62%    passed     98.94%
 261  MN122183_DELIM-QBZXHKEFWHNYEXYKHVYL_AF3_DELIM-QBZXHKEFWHNYEXYKHVYL_Netherlands_DELIM-QBZXHKEFWHNYEXYKHVYL_2016      0.62%    passed     99.51%
 262  MN122204_DELIM-QBZXHKEFWHNYEXYKHVYL_AF3_DELIM-QBZXHKEFWHNYEXYKHVYL_Netherlands_DELIM-QBZXHKEFWHNYEXYKHVYL_2017      0.62%    passed     99.12%
 263  MN122200_DELIM-QBZXHKEFWHNYEXYKHVYL_AF3_DELIM-QBZXHKEFWHNYEXYKHVYL_Netherlands_DELIM-QBZXHKEFWHNYEXYKHVYL_2017      0.62%    passed     98.78%
 264  MN122157_DELIM-QBZXHKEFWHNYEXYKHVYL_AF3_DELIM-QBZXHKEFWHNYEXYKHVYL_Netherlands_DELIM-QBZXHKEFWHNYEXYKHVYL_2016      0.62%    passed     99.72%
 265  MN122212_DELIM-QBZXHKEFWHNYEXYKHVYL_AF3_DELIM-QBZXHKEFWHNYEXYKHVYL_Netherlands_DELIM-QBZXHKEFWHNYEXYKHVYL_2017      0.62%    passed     99.51%
 266  MN122178_DELIM-QBZXHKEFWHNYEXYKHVYL_AF3_DELIM-QBZXHKEFWHNYEXYKHVYL_Netherlands_DELIM-QBZXHKEFWHNYEXYKHVYL_2016      0.62%    passed     99.63%
 267  MN122225_DELIM-QBZXHKEFWHNYEXYKHVYL_AF3_DELIM-QBZXHKEFWHNYEXYKHVYL_Netherlands_DELIM-QBZXHKEFWHNYEXYKHVYL_2018      0.62%    passed     99.52%
 268  MN122167_DELIM-QBZXHKEFWHNYEXYKHVYL_AF3_DELIM-QBZXHKEFWHNYEXYKHVYL_Netherlands_DELIM-QBZXHKEFWHNYEXYKHVYL_2016      0.62%    passed     99.45%
 269  MN122210_DELIM-QBZXHKEFWHNYEXYKHVYL_AF3_DELIM-QBZXHKEFWHNYEXYKHVYL_Netherlands_DELIM-QBZXHKEFWHNYEXYKHVYL_2017      0.62%    passed     99.26%
 270  MN122250_DELIM-QBZXHKEFWHNYEXYKHVYL_AF3_DELIM-QBZXHKEFWHNYEXYKHVYL_Netherlands_DELIM-QBZXHKEFWHNYEXYKHVYL_2018      0.62%    passed     99.24%
 271  MN122216_DELIM-QBZXHKEFWHNYEXYKHVYL_AF3_DELIM-QBZXHKEFWHNYEXYKHVYL_Netherlands_DELIM-QBZXHKEFWHNYEXYKHVYL_2018      0.62%    passed     98.93%
 272  MN122251_DELIM-QBZXHKEFWHNYEXYKHVYL_AF3_DELIM-QBZXHKEFWHNYEXYKHVYL_Netherlands_DELIM-QBZXHKEFWHNYEXYKHVYL_2018      0.62%    passed     99.89%
 273  MN122146_DELIM-QBZXHKEFWHNYEXYKHVYL_AF3_DELIM-QBZXHKEFWHNYEXYKHVYL_Netherlands_DELIM-QBZXHKEFWHNYEXYKHVYL_2016      0.62%    passed     98.33%
 274  MN122248_DELIM-QBZXHKEFWHNYEXYKHVYL_AF3_DELIM-QBZXHKEFWHNYEXYKHVYL_Netherlands_DELIM-QBZXHKEFWHNYEXYKHVYL_2018      0.62%    passed     98.89%
 275  MN122223_DELIM-QBZXHKEFWHNYEXYKHVYL_AF3_DELIM-QBZXHKEFWHNYEXYKHVYL_Netherlands_DELIM-QBZXHKEFWHNYEXYKHVYL_2018      0.62%    passed     99.26%
 276  MK230891_DELIM-QBZXHKEFWHNYEXYKHVYL_AF3_DELIM-QBZXHKEFWHNYEXYKHVYL_Belgium_DELIM-QBZXHKEFWHNYEXYKHVYL_2017          0.00%    passed     98.42%
 277  KY426764_DELIM-QBZXHKEFWHNYEXYKHVYL_AF3_DELIM-QBZXHKEFWHNYEXYKHVYL_Germany_DELIM-QBZXHKEFWHNYEXYKHVYL_2016          0.15%    passed     98.48%
 278  KY263625_DELIM-QBZXHKEFWHNYEXYKHVYL_AF3_DELIM-QBZXHKEFWHNYEXYKHVYL_Belgium_DELIM-QBZXHKEFWHNYEXYKHVYL_2016          0.01%    passed     96.67%
 279  KY426754_DELIM-QBZXHKEFWHNYEXYKHVYL_AF3_DELIM-QBZXHKEFWHNYEXYKHVYL_Germany_DELIM-QBZXHKEFWHNYEXYKHVYL_2015          1.37%    passed     98.63%
 280  KY426757_DELIM-QBZXHKEFWHNYEXYKHVYL_AF3_DELIM-QBZXHKEFWHNYEXYKHVYL_Germany_DELIM-QBZXHKEFWHNYEXYKHVYL_2016          0.33%    passed     98.73%
 281  KY199557_DELIM-QBZXHKEFWHNYEXYKHVYL_AF3_DELIM-QBZXHKEFWHNYEXYKHVYL_Germany_DELIM-QBZXHKEFWHNYEXYKHVYL_2016          0.00%    passed     97.74%
 282  KY294722_DELIM-QBZXHKEFWHNYEXYKHVYL_AF3_DELIM-QBZXHKEFWHNYEXYKHVYL_Germany_DELIM-QBZXHKEFWHNYEXYKHVYL_2016          0.07%    passed     97.75%
 283  KY294723_DELIM-QBZXHKEFWHNYEXYKHVYL_AF3_DELIM-QBZXHKEFWHNYEXYKHVYL_Germany_DELIM-QBZXHKEFWHNYEXYKHVYL_2016          0.06%    passed     97.28%
 284  MN122238_DELIM-QBZXHKEFWHNYEXYKHVYL_AF3_DELIM-QBZXHKEFWHNYEXYKHVYL_Netherlands_DELIM-QBZXHKEFWHNYEXYKHVYL_2018      0.62%    passed     98.62%
 285  MK419834_DELIM-QBZXHKEFWHNYEXYKHVYL_AF3_DELIM-QBZXHKEFWHNYEXYKHVYL_Belgium_DELIM-QBZXHKEFWHNYEXYKHVYL_2018          0.00%    passed     91.61%
 286  MT863562_DELIM-QBZXHKEFWHNYEXYKHVYL_EUX_DELIM-QBZXHKEFWHNYEXYKHVYL_France_DELIM-QBZXHKEFWHNYEXYKHVYL_2018           0.07%    passed     97.77%
 287  KF573410_DELIM-QBZXHKEFWHNYEXYKHVYL_AF2_DELIM-QBZXHKEFWHNYEXYKHVYL_Spain_DELIM-QBZXHKEFWHNYEXYKHVYL_2006            0.00%    passed     98.22%
 288  KU664608_DELIM-QBZXHKEFWHNYEXYKHVYL_AF2_DELIM-QBZXHKEFWHNYEXYKHVYL_Germany_DELIM-QBZXHKEFWHNYEXYKHVYL_2015          0.08%    passed     99.11%
 289  KY426758_DELIM-QBZXHKEFWHNYEXYKHVYL_AF2_DELIM-QBZXHKEFWHNYEXYKHVYL_Germany_DELIM-QBZXHKEFWHNYEXYKHVYL_2016          0.50%    passed     98.57%
 290  KY199556_DELIM-QBZXHKEFWHNYEXYKHVYL_AF2_DELIM-QBZXHKEFWHNYEXYKHVYL_Germany_DELIM-QBZXHKEFWHNYEXYKHVYL_2016          0.00%    passed     95.82%
 291  KX601692_DELIM-QBZXHKEFWHNYEXYKHVYL_AF2_DELIM-QBZXHKEFWHNYEXYKHVYL_France_DELIM-QBZXHKEFWHNYEXYKHVYL_2015           0.14%    passed     96.35%
 292  MN813489_DELIM-QBZXHKEFWHNYEXYKHVYL_AF2_DELIM-QBZXHKEFWHNYEXYKHVYL_Spain_DELIM-QBZXHKEFWHNYEXYKHVYL_2009            4.91%    passed     97.92%
****  TOTAL                                                                                                               0.58%  0 sequences failed composition chi2 test (p-value<5%; df=3)
NOTE: NC006551_DELIM-QBZXHKEFWHNYEXYKHVYL_EU1_DELIM-QBZXHKEFWHNYEXYKHVYL_Austria_DELIM-QBZXHKEFWHNYEXYKHVYL_2001 is identical to AY453411_DELIM-QBZXHKEFWHNYEXYKHVYL_EU1_DELIM-QBZXHKEFWHNYEXYKHVYL_Austria_DELIM-QBZXHKEFWHNYEXYKHVYL_2001 but kept for subsequent analysis
NOTE: KJ438726_DELIM-QBZXHKEFWHNYEXYKHVYL_EU3_DELIM-QBZXHKEFWHNYEXYKHVYL_Germany_DELIM-QBZXHKEFWHNYEXYKHVYL_2011 is identical to KJ438725_DELIM-QBZXHKEFWHNYEXYKHVYL_EU3_DELIM-QBZXHKEFWHNYEXYKHVYL_Germany_DELIM-QBZXHKEFWHNYEXYKHVYL_2011 but kept for subsequent analysis

Create initial parsimony tree by phylogenetic likelihood library (PLL)... 0.089 seconds

NOTE: 17 MB RAM (0 GB) is required!
Estimate model parameters (epsilon = 0.500)
1. Initial log-likelihood: -47757.587
2. Current log-likelihood: -45160.687
3. Current log-likelihood: -44491.078
Optimal log-likelihood: -44491.034
Rate parameters:  A-C: 0.90916  A-G: 8.94518  A-T: 1.32858  C-G: 0.35908  C-T: 27.33570  G-T: 1.00000
Base frequencies:  A: 0.270  C: 0.227  G: 0.283  T: 0.220
Parameters optimization took 3 rounds (1.787 sec)
Computing ML distances based on estimated model parameters... 1.765 sec
Computing BIONJ tree...
0.050 seconds
Log-likelihood of BIONJ tree: -44745.155
--------------------------------------------------------------------
|             INITIALIZING CANDIDATE TREE SET                      |
--------------------------------------------------------------------

Do NNI search on 2 best initial trees
Estimate model parameters (epsilon = 0.500)
BETTER TREE FOUND at iteration 1: -44476.959
Finish initializing candidate tree set (4)
Current best tree score: -44476.959 / CPU time: 1.559
Number of iterations: 2
TREE SEARCH COMPLETED AFTER 2 ITERATIONS / Time: 0h:0m:5s

--------------------------------------------------------------------
|                    FINALIZING TREE SEARCH                        |
--------------------------------------------------------------------
Performs final model parameters optimization
Estimate model parameters (epsilon = 0.050)
1. Initial log-likelihood: -44476.959
Optimal log-likelihood: -44476.959
Rate parameters:  A-C: 0.90985  A-G: 8.94119  A-T: 1.32711  C-G: 0.35887  C-T: 27.33750  G-T: 1.00000
Base frequencies:  A: 0.270  C: 0.227  G: 0.283  T: 0.220
Parameters optimization took 1 rounds (0.179 sec)
BEST SCORE FOUND : -44476.959
Total tree length: 0.360

Total number of iterations: 2
CPU time used for tree search: 1.529 sec (0h:0m:1s)
Wall-clock time used for tree search: 1.561 sec (0h:0m:1s)
Total CPU time used: 5.479 sec (0h:0m:5s)
Total wall-clock time used: 5.658 sec (0h:0m:5s)

Analysis results written to: 
  IQ-TREE report:                results/aligned-delim.fasta.iqtree
  Maximum-likelihood tree:       results/aligned-delim.fasta.treefile
  Likelihood distances:          results/aligned-delim.fasta.mldist
  Screen log file:               results/aligned-delim.fasta.log

Date and Time: Thu Apr 15 23:46:59 2021
