IQ-TREE multicore version 2.0.3 for Mac OS X 64-bit built Dec 19 2020
Developed by Bui Quang Minh, Nguyen Lam Tung, Olga Chernomor,
Heiko Schmidt, Dominik Schrempf, Michael Woodhams.

Host:    S584 (AVX512, FMA3, 16 GB RAM)
Command: iqtree -ninit 2 -n 2 -me 0.05 -nt 1 -s results/aligned-delim.fasta -m GTR
Seed:    127342 (Using SPRNG - Scalable Parallel Random Number Generator)
Time:    Fri Apr 23 17:55:44 2021
Kernel:  AVX+FMA - 1 threads (8 CPU cores detected)

HINT: Use -nt option to specify number of threads because your CPU has 8 cores!
HINT: -nt AUTO will automatically determine the best number of threads to use.

Reading alignment file results/aligned-delim.fasta ... Fasta format detected
Alignment most likely contains DNA/RNA sequences
Alignment has 119 sequences with 10837 columns, 1224 distinct patterns
1195 parsimony-informative, 699 singleton sites, 8943 constant sites
                                                                                                                  Gap/Ambiguity  Composition  p-value
   1  KC754954_DELIM-FBBRJLCZFKWRNZMMTHHD_AF2_DELIM-FBBRJLCZFKWRNZMMTHHD_Senegal_DELIM-FBBRJLCZFKWRNZMMTHHD_1974          0.00%    passed     96.79%
   2  MH727238_DELIM-FBBRJLCZFKWRNZMMTHHD_AF2_DELIM-FBBRJLCZFKWRNZMMTHHD_Senegal_DELIM-FBBRJLCZFKWRNZMMTHHD_2013          0.00%    passed     99.32%
   3  MH727240_DELIM-FBBRJLCZFKWRNZMMTHHD_AF2_DELIM-FBBRJLCZFKWRNZMMTHHD_Senegal_DELIM-FBBRJLCZFKWRNZMMTHHD_2013          0.00%    passed     99.42%
   4  MH727241_DELIM-FBBRJLCZFKWRNZMMTHHD_AF2_DELIM-FBBRJLCZFKWRNZMMTHHD_Senegal_DELIM-FBBRJLCZFKWRNZMMTHHD_2013          0.00%    passed     99.56%
   5  MH727239_DELIM-FBBRJLCZFKWRNZMMTHHD_AF2_DELIM-FBBRJLCZFKWRNZMMTHHD_Senegal_DELIM-FBBRJLCZFKWRNZMMTHHD_2013          0.00%    passed     99.22%
   6  MN813492_DELIM-FBBRJLCZFKWRNZMMTHHD_AF2_DELIM-FBBRJLCZFKWRNZMMTHHD_South_Africa_DELIM-FBBRJLCZFKWRNZMMTHHD_1959     4.91%    passed     89.04%
   7  MH727242_DELIM-FBBRJLCZFKWRNZMMTHHD_AF2_DELIM-FBBRJLCZFKWRNZMMTHHD_Senegal_DELIM-FBBRJLCZFKWRNZMMTHHD_2013          3.16%    passed     96.33%
   8  AY453411_DELIM-FBBRJLCZFKWRNZMMTHHD_EU1_DELIM-FBBRJLCZFKWRNZMMTHHD_Austria_DELIM-FBBRJLCZFKWRNZMMTHHD_2001          0.00%    passed     99.80%
   9  NC006551_DELIM-FBBRJLCZFKWRNZMMTHHD_EU1_DELIM-FBBRJLCZFKWRNZMMTHHD_Austria_DELIM-FBBRJLCZFKWRNZMMTHHD_2001          0.00%    passed     99.80%
  10  EF206350_DELIM-FBBRJLCZFKWRNZMMTHHD_EU1_DELIM-FBBRJLCZFKWRNZMMTHHD_Hungary_DELIM-FBBRJLCZFKWRNZMMTHHD_2006          0.00%    passed     99.98%
  11  JQ219843_DELIM-FBBRJLCZFKWRNZMMTHHD_EU1_DELIM-FBBRJLCZFKWRNZMMTHHD_Austria_DELIM-FBBRJLCZFKWRNZMMTHHD_2002          0.01%    passed     99.73%
  12  MG888044_DELIM-FBBRJLCZFKWRNZMMTHHD_EU1_DELIM-FBBRJLCZFKWRNZMMTHHD_Serbia_DELIM-FBBRJLCZFKWRNZMMTHHD_2014           4.39%    passed     98.22%
  13  HM569263_DELIM-FBBRJLCZFKWRNZMMTHHD_EU2_DELIM-FBBRJLCZFKWRNZMMTHHD_Italy_DELIM-FBBRJLCZFKWRNZMMTHHD_2009            0.00%    passed     99.93%
  14  KU573070_DELIM-FBBRJLCZFKWRNZMMTHHD_EU2_DELIM-FBBRJLCZFKWRNZMMTHHD_Italy_DELIM-FBBRJLCZFKWRNZMMTHHD_2013            1.76%    passed    100.00%
  15  KX816647_DELIM-FBBRJLCZFKWRNZMMTHHD_EU2_DELIM-FBBRJLCZFKWRNZMMTHHD_Italy_DELIM-FBBRJLCZFKWRNZMMTHHD_2011            0.95%    passed     99.25%
  16  KX816650_DELIM-FBBRJLCZFKWRNZMMTHHD_EU2_DELIM-FBBRJLCZFKWRNZMMTHHD_Italy_DELIM-FBBRJLCZFKWRNZMMTHHD_2012            0.89%    passed     99.58%
  17  KX816651_DELIM-FBBRJLCZFKWRNZMMTHHD_EU2_DELIM-FBBRJLCZFKWRNZMMTHHD_Italy_DELIM-FBBRJLCZFKWRNZMMTHHD_2012            4.15%    passed     99.68%
  18  KU573075_DELIM-FBBRJLCZFKWRNZMMTHHD_EU2_DELIM-FBBRJLCZFKWRNZMMTHHD_Italy_DELIM-FBBRJLCZFKWRNZMMTHHD_2014            0.89%    passed     99.49%
  19  KU573076_DELIM-FBBRJLCZFKWRNZMMTHHD_EU2_DELIM-FBBRJLCZFKWRNZMMTHHD_Italy_DELIM-FBBRJLCZFKWRNZMMTHHD_2014            4.36%    passed     99.98%
  20  KX816652_DELIM-FBBRJLCZFKWRNZMMTHHD_EU2_DELIM-FBBRJLCZFKWRNZMMTHHD_Italy_DELIM-FBBRJLCZFKWRNZMMTHHD_2012            4.88%    passed     90.82%
  21  KX816648_DELIM-FBBRJLCZFKWRNZMMTHHD_EU2_DELIM-FBBRJLCZFKWRNZMMTHHD_Italy_DELIM-FBBRJLCZFKWRNZMMTHHD_2011            5.75%    passed     81.96%
  22  KX816649_DELIM-FBBRJLCZFKWRNZMMTHHD_EU2_DELIM-FBBRJLCZFKWRNZMMTHHD_Italy_DELIM-FBBRJLCZFKWRNZMMTHHD_2011            0.89%    passed     98.56%
  23  KX555624_DELIM-FBBRJLCZFKWRNZMMTHHD_EU2_DELIM-FBBRJLCZFKWRNZMMTHHD_Germany_DELIM-FBBRJLCZFKWRNZMMTHHD_2010          0.09%    passed     99.98%
  24  KX555625_DELIM-FBBRJLCZFKWRNZMMTHHD_EU2_DELIM-FBBRJLCZFKWRNZMMTHHD_Italy_DELIM-FBBRJLCZFKWRNZMMTHHD_2010            0.39%    passed     99.98%
  25  KX555627_DELIM-FBBRJLCZFKWRNZMMTHHD_EU2_DELIM-FBBRJLCZFKWRNZMMTHHD_Italy_DELIM-FBBRJLCZFKWRNZMMTHHD_2010            0.34%    passed    100.00%
  26  KX555628_DELIM-FBBRJLCZFKWRNZMMTHHD_EU2_DELIM-FBBRJLCZFKWRNZMMTHHD_Italy_DELIM-FBBRJLCZFKWRNZMMTHHD_2010            0.49%    passed    100.00%
  27  KU573074_DELIM-FBBRJLCZFKWRNZMMTHHD_EU2_DELIM-FBBRJLCZFKWRNZMMTHHD_Italy_DELIM-FBBRJLCZFKWRNZMMTHHD_2013            1.05%    passed     99.59%
  28  KU573072_DELIM-FBBRJLCZFKWRNZMMTHHD_EU2_DELIM-FBBRJLCZFKWRNZMMTHHD_Italy_DELIM-FBBRJLCZFKWRNZMMTHHD_2013            1.00%    passed     98.27%
  29  MF063042_DELIM-FBBRJLCZFKWRNZMMTHHD_EU2_DELIM-FBBRJLCZFKWRNZMMTHHD_Austria_DELIM-FBBRJLCZFKWRNZMMTHHD_2016          0.04%    passed     99.93%
  30  MF991886_DELIM-FBBRJLCZFKWRNZMMTHHD_EU2_DELIM-FBBRJLCZFKWRNZMMTHHD_Austria_DELIM-FBBRJLCZFKWRNZMMTHHD_2017          0.42%    passed     99.90%
  31  MF063043_DELIM-FBBRJLCZFKWRNZMMTHHD_EU2_DELIM-FBBRJLCZFKWRNZMMTHHD_Hungary_DELIM-FBBRJLCZFKWRNZMMTHHD_2016          0.08%    passed     99.61%
  32  JF266698_DELIM-FBBRJLCZFKWRNZMMTHHD_EU2_DELIM-FBBRJLCZFKWRNZMMTHHD_Italy_DELIM-FBBRJLCZFKWRNZMMTHHD_2009            0.00%    passed     99.97%
  33  MN989418_DELIM-FBBRJLCZFKWRNZMMTHHD_EU2_DELIM-FBBRJLCZFKWRNZMMTHHD_Italy_DELIM-FBBRJLCZFKWRNZMMTHHD_2018            3.18%    passed     98.87%
  34  KJ438705_DELIM-FBBRJLCZFKWRNZMMTHHD_EU3_DELIM-FBBRJLCZFKWRNZMMTHHD_Germany_DELIM-FBBRJLCZFKWRNZMMTHHD_2010          0.00%    passed     99.82%
  35  KJ438712_DELIM-FBBRJLCZFKWRNZMMTHHD_EU3_DELIM-FBBRJLCZFKWRNZMMTHHD_Germany_DELIM-FBBRJLCZFKWRNZMMTHHD_2011          0.00%    passed     99.84%
  36  KJ438720_DELIM-FBBRJLCZFKWRNZMMTHHD_EU3_DELIM-FBBRJLCZFKWRNZMMTHHD_Germany_DELIM-FBBRJLCZFKWRNZMMTHHD_2011          0.00%    passed     99.94%
  37  KJ438722_DELIM-FBBRJLCZFKWRNZMMTHHD_EU3_DELIM-FBBRJLCZFKWRNZMMTHHD_Germany_DELIM-FBBRJLCZFKWRNZMMTHHD_2012          0.00%    passed     99.67%
  38  KJ438728_DELIM-FBBRJLCZFKWRNZMMTHHD_EU3_DELIM-FBBRJLCZFKWRNZMMTHHD_Germany_DELIM-FBBRJLCZFKWRNZMMTHHD_2011          0.00%    passed     99.66%
  39  KJ438738_DELIM-FBBRJLCZFKWRNZMMTHHD_EU3_DELIM-FBBRJLCZFKWRNZMMTHHD_Germany_DELIM-FBBRJLCZFKWRNZMMTHHD_2011          0.00%    passed     99.95%
  40  KJ438736_DELIM-FBBRJLCZFKWRNZMMTHHD_EU3_DELIM-FBBRJLCZFKWRNZMMTHHD_Germany_DELIM-FBBRJLCZFKWRNZMMTHHD_2011          0.00%    passed     99.86%
  41  KJ438718_DELIM-FBBRJLCZFKWRNZMMTHHD_EU3_DELIM-FBBRJLCZFKWRNZMMTHHD_Germany_DELIM-FBBRJLCZFKWRNZMMTHHD_2011          0.00%    passed     99.89%
  42  KJ438752_DELIM-FBBRJLCZFKWRNZMMTHHD_EU3_DELIM-FBBRJLCZFKWRNZMMTHHD_Germany_DELIM-FBBRJLCZFKWRNZMMTHHD_2011          0.00%    passed     99.96%
  43  KJ859682_DELIM-FBBRJLCZFKWRNZMMTHHD_EU3_DELIM-FBBRJLCZFKWRNZMMTHHD_Germany_DELIM-FBBRJLCZFKWRNZMMTHHD_2013          0.00%    passed     99.89%
  44  KJ438742_DELIM-FBBRJLCZFKWRNZMMTHHD_EU3_DELIM-FBBRJLCZFKWRNZMMTHHD_Germany_DELIM-FBBRJLCZFKWRNZMMTHHD_2013          0.00%    passed     99.91%
  45  KY426750_DELIM-FBBRJLCZFKWRNZMMTHHD_EU3_DELIM-FBBRJLCZFKWRNZMMTHHD_Germany_DELIM-FBBRJLCZFKWRNZMMTHHD_2015          0.59%    passed     98.98%
  46  KY426752_DELIM-FBBRJLCZFKWRNZMMTHHD_EU3_DELIM-FBBRJLCZFKWRNZMMTHHD_Germany_DELIM-FBBRJLCZFKWRNZMMTHHD_2015          0.61%    passed     98.66%
  47  KJ438755_DELIM-FBBRJLCZFKWRNZMMTHHD_EU3_DELIM-FBBRJLCZFKWRNZMMTHHD_Germany_DELIM-FBBRJLCZFKWRNZMMTHHD_2011          0.00%    passed     99.91%
  48  KJ438757_DELIM-FBBRJLCZFKWRNZMMTHHD_EU3_DELIM-FBBRJLCZFKWRNZMMTHHD_Germany_DELIM-FBBRJLCZFKWRNZMMTHHD_2013          0.00%    passed     99.87%
  49  KJ438758_DELIM-FBBRJLCZFKWRNZMMTHHD_EU3_DELIM-FBBRJLCZFKWRNZMMTHHD_Germany_DELIM-FBBRJLCZFKWRNZMMTHHD_2013          0.00%    passed     99.86%
  50  KJ438761_DELIM-FBBRJLCZFKWRNZMMTHHD_EU3_DELIM-FBBRJLCZFKWRNZMMTHHD_Germany_DELIM-FBBRJLCZFKWRNZMMTHHD_2011          0.00%    passed     99.89%
  51  KJ438726_DELIM-FBBRJLCZFKWRNZMMTHHD_EU3_DELIM-FBBRJLCZFKWRNZMMTHHD_Germany_DELIM-FBBRJLCZFKWRNZMMTHHD_2011          0.00%    passed     99.85%
  52  MN122198_DELIM-FBBRJLCZFKWRNZMMTHHD_EU3_DELIM-FBBRJLCZFKWRNZMMTHHD_Netherlands_DELIM-FBBRJLCZFKWRNZMMTHHD_2017      0.62%    passed     99.45%
  53  MK230890_DELIM-FBBRJLCZFKWRNZMMTHHD_EU3_DELIM-FBBRJLCZFKWRNZMMTHHD_Belgium_DELIM-FBBRJLCZFKWRNZMMTHHD_2017          0.00%    passed     99.71%
  54  MN122154_DELIM-FBBRJLCZFKWRNZMMTHHD_EU3_DELIM-FBBRJLCZFKWRNZMMTHHD_Netherlands_DELIM-FBBRJLCZFKWRNZMMTHHD_2016      0.62%    passed     99.52%
  55  MN122170_DELIM-FBBRJLCZFKWRNZMMTHHD_EU3_DELIM-FBBRJLCZFKWRNZMMTHHD_Netherlands_DELIM-FBBRJLCZFKWRNZMMTHHD_2016      0.62%    passed     99.24%
  56  MN122176_DELIM-FBBRJLCZFKWRNZMMTHHD_EU3_DELIM-FBBRJLCZFKWRNZMMTHHD_Netherlands_DELIM-FBBRJLCZFKWRNZMMTHHD_2016      0.62%    passed     99.05%
  57  KX977447_DELIM-FBBRJLCZFKWRNZMMTHHD_EU3_DELIM-FBBRJLCZFKWRNZMMTHHD_Belgium_DELIM-FBBRJLCZFKWRNZMMTHHD_2016          4.73%    passed     97.32%
  58  KY263626_DELIM-FBBRJLCZFKWRNZMMTHHD_EU3_DELIM-FBBRJLCZFKWRNZMMTHHD_Belgium_DELIM-FBBRJLCZFKWRNZMMTHHD_2016          0.00%    passed     99.84%
  59  KJ438767_DELIM-FBBRJLCZFKWRNZMMTHHD_EU3_DELIM-FBBRJLCZFKWRNZMMTHHD_Germany_DELIM-FBBRJLCZFKWRNZMMTHHD_2011          0.00%    passed     99.85%
  60  KJ438770_DELIM-FBBRJLCZFKWRNZMMTHHD_EU3_DELIM-FBBRJLCZFKWRNZMMTHHD_Germany_DELIM-FBBRJLCZFKWRNZMMTHHD_2013          0.00%    passed     99.97%
  61  KJ438777_DELIM-FBBRJLCZFKWRNZMMTHHD_EU3_DELIM-FBBRJLCZFKWRNZMMTHHD_Germany_DELIM-FBBRJLCZFKWRNZMMTHHD_2011          0.00%    passed     99.97%
  62  KJ438779_DELIM-FBBRJLCZFKWRNZMMTHHD_EU3_DELIM-FBBRJLCZFKWRNZMMTHHD_Germany_DELIM-FBBRJLCZFKWRNZMMTHHD_2012          0.00%    passed     99.97%
  63  KY426769_DELIM-FBBRJLCZFKWRNZMMTHHD_EU3_DELIM-FBBRJLCZFKWRNZMMTHHD_Germany_DELIM-FBBRJLCZFKWRNZMMTHHD_2016          0.01%    passed     99.90%
  64  KY426770_DELIM-FBBRJLCZFKWRNZMMTHHD_EU3_DELIM-FBBRJLCZFKWRNZMMTHHD_Germany_DELIM-FBBRJLCZFKWRNZMMTHHD_2016          0.54%    passed     99.83%
  65  MN122181_DELIM-FBBRJLCZFKWRNZMMTHHD_EU3_DELIM-FBBRJLCZFKWRNZMMTHHD_Netherlands_DELIM-FBBRJLCZFKWRNZMMTHHD_2016      0.62%    passed     99.21%
  66  MK230892_DELIM-FBBRJLCZFKWRNZMMTHHD_EU3_DELIM-FBBRJLCZFKWRNZMMTHHD_Belgium_DELIM-FBBRJLCZFKWRNZMMTHHD_2017          0.00%    passed     99.96%
  67  KY263624_DELIM-FBBRJLCZFKWRNZMMTHHD_EU3_DELIM-FBBRJLCZFKWRNZMMTHHD_Belgium_DELIM-FBBRJLCZFKWRNZMMTHHD_2016          0.00%    passed     99.70%
  68  KJ438760_DELIM-FBBRJLCZFKWRNZMMTHHD_EU3_DELIM-FBBRJLCZFKWRNZMMTHHD_Germany_DELIM-FBBRJLCZFKWRNZMMTHHD_2011          0.31%    passed     98.37%
  69  KX601690_DELIM-FBBRJLCZFKWRNZMMTHHD_EU3_DELIM-FBBRJLCZFKWRNZMMTHHD_France_DELIM-FBBRJLCZFKWRNZMMTHHD_2015           0.14%    passed     99.84%
  70  KX601691_DELIM-FBBRJLCZFKWRNZMMTHHD_EU3_DELIM-FBBRJLCZFKWRNZMMTHHD_France_DELIM-FBBRJLCZFKWRNZMMTHHD_2015           0.01%    passed     99.83%
  71  KY315178_DELIM-FBBRJLCZFKWRNZMMTHHD_EU3_DELIM-FBBRJLCZFKWRNZMMTHHD_Belgium_DELIM-FBBRJLCZFKWRNZMMTHHD_2016          0.09%    passed     99.87%
  72  MN122213_DELIM-FBBRJLCZFKWRNZMMTHHD_EU3_DELIM-FBBRJLCZFKWRNZMMTHHD_Netherlands_DELIM-FBBRJLCZFKWRNZMMTHHD_2017      0.62%    passed     98.96%
  73  MN122190_DELIM-FBBRJLCZFKWRNZMMTHHD_EU3_DELIM-FBBRJLCZFKWRNZMMTHHD_Netherlands_DELIM-FBBRJLCZFKWRNZMMTHHD_2017      0.62%    passed     99.05%
  74  KJ438780_DELIM-FBBRJLCZFKWRNZMMTHHD_EU3_DELIM-FBBRJLCZFKWRNZMMTHHD_Germany_DELIM-FBBRJLCZFKWRNZMMTHHD_2011          0.00%    passed     99.75%
  75  KY426768_DELIM-FBBRJLCZFKWRNZMMTHHD_EU3_DELIM-FBBRJLCZFKWRNZMMTHHD_Germany_DELIM-FBBRJLCZFKWRNZMMTHHD_2016          0.00%    passed     99.68%
  76  KY128481_DELIM-FBBRJLCZFKWRNZMMTHHD_EU3_DELIM-FBBRJLCZFKWRNZMMTHHD_France_DELIM-FBBRJLCZFKWRNZMMTHHD_2016           3.40%    passed     96.92%
  77  KU573073_DELIM-FBBRJLCZFKWRNZMMTHHD_EU4_DELIM-FBBRJLCZFKWRNZMMTHHD_Italy_DELIM-FBBRJLCZFKWRNZMMTHHD_2013            4.76%    passed     94.63%
  78  KX816646_DELIM-FBBRJLCZFKWRNZMMTHHD_EU4_DELIM-FBBRJLCZFKWRNZMMTHHD_Italy_DELIM-FBBRJLCZFKWRNZMMTHHD_2010            5.87%    passed     90.67%
  79  KX816653_DELIM-FBBRJLCZFKWRNZMMTHHD_EU4_DELIM-FBBRJLCZFKWRNZMMTHHD_Italy_DELIM-FBBRJLCZFKWRNZMMTHHD_2012            0.89%    passed     99.42%
  80  KX555629_DELIM-FBBRJLCZFKWRNZMMTHHD_EU4_DELIM-FBBRJLCZFKWRNZMMTHHD_Italy_DELIM-FBBRJLCZFKWRNZMMTHHD_2015            0.02%    passed     99.61%
  81  KC754956_DELIM-FBBRJLCZFKWRNZMMTHHD_AF3_DELIM-FBBRJLCZFKWRNZMMTHHD_Senegal_DELIM-FBBRJLCZFKWRNZMMTHHD_1993          0.00%    passed     97.30%
  82  KC754957_DELIM-FBBRJLCZFKWRNZMMTHHD_AF3_DELIM-FBBRJLCZFKWRNZMMTHHD_Senegal_DELIM-FBBRJLCZFKWRNZMMTHHD_2007          0.11%    passed     99.52%
  83  MG461306_DELIM-FBBRJLCZFKWRNZMMTHHD_EU5_DELIM-FBBRJLCZFKWRNZMMTHHD_Israel_DELIM-FBBRJLCZFKWRNZMMTHHD_2015           0.00%    passed     98.59%
  84  MG461307_DELIM-FBBRJLCZFKWRNZMMTHHD_EU5_DELIM-FBBRJLCZFKWRNZMMTHHD_Israel_DELIM-FBBRJLCZFKWRNZMMTHHD_2015           0.00%    passed     99.23%
  85  MG461308_DELIM-FBBRJLCZFKWRNZMMTHHD_EU5_DELIM-FBBRJLCZFKWRNZMMTHHD_Israel_DELIM-FBBRJLCZFKWRNZMMTHHD_2015           0.00%    passed     98.24%
  86  MG461313_DELIM-FBBRJLCZFKWRNZMMTHHD_EU5_DELIM-FBBRJLCZFKWRNZMMTHHD_Israel_DELIM-FBBRJLCZFKWRNZMMTHHD_2015           0.14%    passed     98.62%
  87  MG461309_DELIM-FBBRJLCZFKWRNZMMTHHD_EU5_DELIM-FBBRJLCZFKWRNZMMTHHD_Israel_DELIM-FBBRJLCZFKWRNZMMTHHD_2004           0.05%    passed     99.99%
  88  MG461310_DELIM-FBBRJLCZFKWRNZMMTHHD_EU5_DELIM-FBBRJLCZFKWRNZMMTHHD_Israel_DELIM-FBBRJLCZFKWRNZMMTHHD_2004           0.05%    passed     99.78%
  89  MG461311_DELIM-FBBRJLCZFKWRNZMMTHHD_EU5_DELIM-FBBRJLCZFKWRNZMMTHHD_Israel_DELIM-FBBRJLCZFKWRNZMMTHHD_2004           0.08%    passed     99.88%
  90  MG461312_DELIM-FBBRJLCZFKWRNZMMTHHD_EU5_DELIM-FBBRJLCZFKWRNZMMTHHD_Israel_DELIM-FBBRJLCZFKWRNZMMTHHD_2004           0.11%    passed     99.91%
  91  MN813491_DELIM-FBBRJLCZFKWRNZMMTHHD_EU5_DELIM-FBBRJLCZFKWRNZMMTHHD_Uganda_DELIM-FBBRJLCZFKWRNZMMTHHD_2010           4.91%    passed     79.30%
  92  MT241508_DELIM-FBBRJLCZFKWRNZMMTHHD_AF3_DELIM-FBBRJLCZFKWRNZMMTHHD_Uganda_DELIM-FBBRJLCZFKWRNZMMTHHD_2012           0.04%    passed     99.75%
  93  KY128482_DELIM-FBBRJLCZFKWRNZMMTHHD_AF3_DELIM-FBBRJLCZFKWRNZMMTHHD_Netherlands_DELIM-FBBRJLCZFKWRNZMMTHHD_2016      0.00%    passed     95.77%
  94  MN122251_DELIM-FBBRJLCZFKWRNZMMTHHD_AF3_DELIM-FBBRJLCZFKWRNZMMTHHD_Netherlands_DELIM-FBBRJLCZFKWRNZMMTHHD_2018      0.62%    passed     99.74%
  95  MK230891_DELIM-FBBRJLCZFKWRNZMMTHHD_AF3_DELIM-FBBRJLCZFKWRNZMMTHHD_Belgium_DELIM-FBBRJLCZFKWRNZMMTHHD_2017          0.00%    passed     97.64%
  96  MN122159_DELIM-FBBRJLCZFKWRNZMMTHHD_AF3_DELIM-FBBRJLCZFKWRNZMMTHHD_Netherlands_DELIM-FBBRJLCZFKWRNZMMTHHD_2016      0.62%    passed     99.20%
  97  MN122255_DELIM-FBBRJLCZFKWRNZMMTHHD_AF3_DELIM-FBBRJLCZFKWRNZMMTHHD_Netherlands_DELIM-FBBRJLCZFKWRNZMMTHHD_2018      0.62%    passed     99.51%
  98  MN122199_DELIM-FBBRJLCZFKWRNZMMTHHD_AF3_DELIM-FBBRJLCZFKWRNZMMTHHD_Netherlands_DELIM-FBBRJLCZFKWRNZMMTHHD_2017      0.62%    passed     98.11%
  99  MN122241_DELIM-FBBRJLCZFKWRNZMMTHHD_AF3_DELIM-FBBRJLCZFKWRNZMMTHHD_Netherlands_DELIM-FBBRJLCZFKWRNZMMTHHD_2018      0.62%    passed     98.57%
 100  MN122197_DELIM-FBBRJLCZFKWRNZMMTHHD_AF3_DELIM-FBBRJLCZFKWRNZMMTHHD_Netherlands_DELIM-FBBRJLCZFKWRNZMMTHHD_2017      0.62%    passed     98.81%
 101  MN122222_DELIM-FBBRJLCZFKWRNZMMTHHD_AF3_DELIM-FBBRJLCZFKWRNZMMTHHD_Netherlands_DELIM-FBBRJLCZFKWRNZMMTHHD_2018      0.62%    passed     98.99%
 102  MN122167_DELIM-FBBRJLCZFKWRNZMMTHHD_AF3_DELIM-FBBRJLCZFKWRNZMMTHHD_Netherlands_DELIM-FBBRJLCZFKWRNZMMTHHD_2016      0.62%    passed     99.02%
 103  KY263625_DELIM-FBBRJLCZFKWRNZMMTHHD_AF3_DELIM-FBBRJLCZFKWRNZMMTHHD_Belgium_DELIM-FBBRJLCZFKWRNZMMTHHD_2016          0.01%    passed     95.42%
 104  MN122145_DELIM-FBBRJLCZFKWRNZMMTHHD_AF3_DELIM-FBBRJLCZFKWRNZMMTHHD_Netherlands_DELIM-FBBRJLCZFKWRNZMMTHHD_2016      0.62%    passed     96.94%
 105  MN122164_DELIM-FBBRJLCZFKWRNZMMTHHD_AF3_DELIM-FBBRJLCZFKWRNZMMTHHD_Netherlands_DELIM-FBBRJLCZFKWRNZMMTHHD_2016      0.62%    passed     95.34%
 106  MN122240_DELIM-FBBRJLCZFKWRNZMMTHHD_AF3_DELIM-FBBRJLCZFKWRNZMMTHHD_Netherlands_DELIM-FBBRJLCZFKWRNZMMTHHD_2018      0.62%    passed     98.57%
 107  MN122163_DELIM-FBBRJLCZFKWRNZMMTHHD_AF3_DELIM-FBBRJLCZFKWRNZMMTHHD_Netherlands_DELIM-FBBRJLCZFKWRNZMMTHHD_2016      0.62%    passed     97.08%
 108  MN122206_DELIM-FBBRJLCZFKWRNZMMTHHD_AF3_DELIM-FBBRJLCZFKWRNZMMTHHD_Netherlands_DELIM-FBBRJLCZFKWRNZMMTHHD_2017      0.62%    passed     95.79%
 109  MN122220_DELIM-FBBRJLCZFKWRNZMMTHHD_AF3_DELIM-FBBRJLCZFKWRNZMMTHHD_Netherlands_DELIM-FBBRJLCZFKWRNZMMTHHD_2018      0.62%    passed     97.26%
 110  MN122151_DELIM-FBBRJLCZFKWRNZMMTHHD_AF3_DELIM-FBBRJLCZFKWRNZMMTHHD_Netherlands_DELIM-FBBRJLCZFKWRNZMMTHHD_2016      0.62%    passed     96.91%
 111  MN122182_DELIM-FBBRJLCZFKWRNZMMTHHD_AF3_DELIM-FBBRJLCZFKWRNZMMTHHD_Netherlands_DELIM-FBBRJLCZFKWRNZMMTHHD_2016      0.62%    passed     97.55%
 112  MN122231_DELIM-FBBRJLCZFKWRNZMMTHHD_AF3_DELIM-FBBRJLCZFKWRNZMMTHHD_Netherlands_DELIM-FBBRJLCZFKWRNZMMTHHD_2018      0.62%    passed     98.28%
 113  MW001216_DELIM-FBBRJLCZFKWRNZMMTHHD_AF3_DELIM-FBBRJLCZFKWRNZMMTHHD_UnitedKingdom_DELIM-FBBRJLCZFKWRNZMMTHHD_2020    0.63%    passed     95.56%
 114  MK419834_DELIM-FBBRJLCZFKWRNZMMTHHD_AF3_DELIM-FBBRJLCZFKWRNZMMTHHD_Belgium_DELIM-FBBRJLCZFKWRNZMMTHHD_2018          0.00%    passed     89.73%
 115  MN122238_DELIM-FBBRJLCZFKWRNZMMTHHD_AF3_DELIM-FBBRJLCZFKWRNZMMTHHD_Netherlands_DELIM-FBBRJLCZFKWRNZMMTHHD_2018      0.62%    passed     97.89%
 116  MT863562_DELIM-FBBRJLCZFKWRNZMMTHHD_AF3_DELIM-FBBRJLCZFKWRNZMMTHHD_France_DELIM-FBBRJLCZFKWRNZMMTHHD_2018           0.07%    passed     97.00%
 117  KF573410_DELIM-FBBRJLCZFKWRNZMMTHHD_AF2_DELIM-FBBRJLCZFKWRNZMMTHHD_Spain_DELIM-FBBRJLCZFKWRNZMMTHHD_2006            0.00%    passed     98.21%
 118  KX601692_DELIM-FBBRJLCZFKWRNZMMTHHD_AF2_DELIM-FBBRJLCZFKWRNZMMTHHD_France_DELIM-FBBRJLCZFKWRNZMMTHHD_2015           0.14%    passed     96.26%
 119  MN813489_DELIM-FBBRJLCZFKWRNZMMTHHD_AF2_DELIM-FBBRJLCZFKWRNZMMTHHD_Spain_DELIM-FBBRJLCZFKWRNZMMTHHD_2009            4.91%    passed     98.49%
****  TOTAL                                                                                                               0.78%  0 sequences failed composition chi2 test (p-value<5%; df=3)
NOTE: NC006551_DELIM-FBBRJLCZFKWRNZMMTHHD_EU1_DELIM-FBBRJLCZFKWRNZMMTHHD_Austria_DELIM-FBBRJLCZFKWRNZMMTHHD_2001 is identical to AY453411_DELIM-FBBRJLCZFKWRNZMMTHHD_EU1_DELIM-FBBRJLCZFKWRNZMMTHHD_Austria_DELIM-FBBRJLCZFKWRNZMMTHHD_2001 but kept for subsequent analysis

Create initial parsimony tree by phylogenetic likelihood library (PLL)... 0.020 seconds

NOTE: 4 MB RAM (0 GB) is required!
Estimate model parameters (epsilon = 0.500)
1. Initial log-likelihood: -36727.785
2. Current log-likelihood: -34369.379
Optimal log-likelihood: -34369.221
Rate parameters:  A-C: 0.83475  A-G: 9.45646  A-T: 1.39695  C-G: 0.30375  C-T: 28.87377  G-T: 1.00000
Base frequencies:  A: 0.270  C: 0.227  G: 0.283  T: 0.220
Parameters optimization took 2 rounds (0.456 sec)
Computing ML distances based on estimated model parameters... 0.185 sec
Computing BIONJ tree...
0.007 seconds
Log-likelihood of BIONJ tree: -34417.676
--------------------------------------------------------------------
|             INITIALIZING CANDIDATE TREE SET                      |
--------------------------------------------------------------------

Do NNI search on 2 best initial trees
Estimate model parameters (epsilon = 0.500)
BETTER TREE FOUND at iteration 1: -34356.973
Finish initializing candidate tree set (4)
Current best tree score: -34356.973 / CPU time: 0.271
Number of iterations: 2
TREE SEARCH COMPLETED AFTER 2 ITERATIONS / Time: 0h:0m:1s

--------------------------------------------------------------------
|                    FINALIZING TREE SEARCH                        |
--------------------------------------------------------------------
Performs final model parameters optimization
Estimate model parameters (epsilon = 0.050)
1. Initial log-likelihood: -34356.973
Optimal log-likelihood: -34356.973
Rate parameters:  A-C: 0.83084  A-G: 9.45751  A-T: 1.39596  C-G: 0.31417  C-T: 28.87286  G-T: 1.00000
Base frequencies:  A: 0.270  C: 0.227  G: 0.283  T: 0.220
Parameters optimization took 1 rounds (0.033 sec)
BEST SCORE FOUND : -34356.973
Total tree length: 0.255

Total number of iterations: 2
CPU time used for tree search: 0.265 sec (0h:0m:0s)
Wall-clock time used for tree search: 0.271 sec (0h:0m:0s)
Total CPU time used: 0.991 sec (0h:0m:0s)
Total wall-clock time used: 1.040 sec (0h:0m:1s)

Analysis results written to: 
  IQ-TREE report:                results/aligned-delim.fasta.iqtree
  Maximum-likelihood tree:       results/aligned-delim.fasta.treefile
  Likelihood distances:          results/aligned-delim.fasta.mldist
  Screen log file:               results/aligned-delim.fasta.log

Date and Time: Fri Apr 23 17:55:45 2021
